Using pre-set license
Built from '2020.3/release' branch; Version is '2020.3.12f1 (b3b2c6512326) revision 11776710'; Using compiler version '192528614'; Build Type 'Release'
OS: 'Windows 10 Pro; OS build 19043.1083; Version 2009; 64bit' Language: 'es' Physical Memory: 16226 MB
BatchMode: 1, IsHumanControllingUs: 0, StartBugReporterOnCrash: 0, Is64bit: 1, IsPro: 0

 COMMAND LINE ARGUMENTS:
C:\Program Files\Unity\Hub\Editor\2020.3.12f1\Editor\Unity.exe
-adb2
-batchMode
-noUpm
-name
AssetImportWorker0
-projectPath
D:/Users/Diego/UDLA/6to Semestre/Programaci贸n 5/Unity Projects/PRY_Final_2.0
-logFile
Logs/AssetImportWorker0.log
-srvPort
62119
Successfully changed project path to: D:/Users/Diego/UDLA/6to Semestre/Programaci贸n 5/Unity Projects/PRY_Final_2.0
D:/Users/Diego/UDLA/6to Semestre/Programaci贸n 5/Unity Projects/PRY_Final_2.0
Using Asset Import Pipeline V2.
Refreshing native plugins compatible for Editor in 45.24 ms, found 2 plugins.
Preloading 0 native plugins for Editor in 0.00 ms.
Initialize engine version: 2020.3.12f1 (b3b2c6512326)
[Subsystems] Discovering subsystems at path C:/Program Files/Unity/Hub/Editor/2020.3.12f1/Editor/Data/Resources/UnitySubsystems
[Subsystems] Discovering subsystems at path D:/Users/Diego/UDLA/6to Semestre/Programaci贸n 5/Unity Projects/PRY_Final_2.0/Assets
GfxDevice: creating device client; threaded=0
Direct3D:
    Version:  Direct3D 11.0 [level 11.1]
    Renderer: NVIDIA GeForce GTX 1060 (ID=0x1c20)
    Vendor:   
    VRAM:     6052 MB
    Driver:   27.21.14.6677
Initialize mono
Mono path[0] = 'C:/Program Files/Unity/Hub/Editor/2020.3.12f1/Editor/Data/Managed'
Mono path[1] = 'C:/Program Files/Unity/Hub/Editor/2020.3.12f1/Editor/Data/MonoBleedingEdge/lib/mono/unityjit'
Mono config path = 'C:/Program Files/Unity/Hub/Editor/2020.3.12f1/Editor/Data/MonoBleedingEdge/etc'
Using monoOptions --debugger-agent=transport=dt_socket,embedding=1,server=y,suspend=n,address=127.0.0.1:56172
Begin MonoManager ReloadAssembly
Registering precompiled unity dll's ...
Register platform support module: C:/Program Files/Unity/Hub/Editor/2020.3.12f1/Editor/Data/PlaybackEngines/WindowsStandaloneSupport/UnityEditor.WindowsStandalone.Extensions.dll
Registered in 0.002208 seconds.
Native extension for WindowsStandalone target not found
Refreshing native plugins compatible for Editor in 46.95 ms, found 2 plugins.
Preloading 0 native plugins for Editor in 0.00 ms.
Mono: successfully reloaded assembly
- Completed reload, in  1.176 seconds
Platform modules already initialized, skipping
Registering precompiled user dll's ...
Registered in 0.003815 seconds.
Begin MonoManager ReloadAssembly
Native extension for WindowsStandalone target not found
Refreshing native plugins compatible for Editor in 0.47 ms, found 2 plugins.
Preloading 0 native plugins for Editor in 0.00 ms.
Mono: successfully reloaded assembly
- Completed reload, in  0.993 seconds
Platform modules already initialized, skipping
========================================================================
Worker process is ready to serve import requests
Launched and connected shader compiler UnityShaderCompiler.exe after 0.06 seconds
Refreshing native plugins compatible for Editor in 0.48 ms, found 2 plugins.
Preloading 0 native plugins for Editor in 0.00 ms.
Unloading 1628 Unused Serialized files (Serialized files now loaded: 0)
System memory in use before: 102.0 MB.
System memory in use after: 101.1 MB.

Unloading 25 unused Assets to reduce memory usage. Loaded Objects now: 2082.
Total: 2.483600 ms (FindLiveObjects: 0.169000 ms CreateObjectMapping: 0.046500 ms MarkObjects: 1.678100 ms  DeleteObjects: 0.589100 ms)

AssetImportParameters requested are different than current active one (requested -> active):
  custom:framework-win-MediaFoundation: 216162199b28c13a410421893ffa2e32 -> 
  custom:video-decoder-ogg-theora: a1e56fd34408186e4bbccfd4996cb3dc -> 
  custom:container-muxer-webm: aa71ff27fc2769a1b78a27578f13a17b -> 
  custom:container-demuxer-webm: 4f35f7cbe854078d1ac9338744f61a02 -> 
  custom:container-demuxer-ogg: 62fdf1f143b41e24485cea50d1cbac27 -> 
  custom:video-encoder-webm-vp8: eb34c28f22e8b96e1ab97ce403110664 -> 
  custom:video-codec-MediaFoundation-h265: 746d11721c4dcdbdad8f713fa42b33f4 -> 
  custom:video-decoder-webm-vp8: 9c59270c3fd7afecdb556c50c9e8de78 -> 
  custom:audio-decoder-ogg-vorbis: bf7c407c2cedff20999df2af8eb42d56 -> 
  custom:audio-encoder-webm-vorbis: bf7c407c2cedff20999df2af8eb42d56 -> 
========================================================================
Received Import Request.
  path: Assets/Zombie
  artifactKey: Guid(118dc2997ab79cb4282f3837f543f10a) Importer(815301076,1909f56bfc062723c751e8b465ee728b)
Start importing Assets/Zombie using Guid(118dc2997ab79cb4282f3837f543f10a) Importer(815301076,1909f56bfc062723c751e8b465ee728b)  -> (artifact id: '66608c75642f338ab5a05f003f6042ae') in 0.020935 seconds 
  Import took 0.065265 seconds .

========================================================================
Received Import Request.
  Time since last request: 34.078246 seconds.
  path: Assets/Zombie/Prefabs
  artifactKey: Guid(62092c25312055548a5b415184883759) Importer(815301076,1909f56bfc062723c751e8b465ee728b)
Start importing Assets/Zombie/Prefabs using Guid(62092c25312055548a5b415184883759) Importer(815301076,1909f56bfc062723c751e8b465ee728b)  -> (artifact id: 'bdfcf1c67cb2cf0f1014848701f09c23') in 0.097869 seconds 
  Import took 0.101171 seconds .

========================================================================
Received Import Request.
  Time since last request: 0.000406 seconds.
  path: Assets/Zombie/Prefabs/Zombie1.prefab
  artifactKey: Guid(6dc4cf4496348884d8ee27743ae38562) Importer(815301076,1909f56bfc062723c751e8b465ee728b)
Start importing Assets/Zombie/Prefabs/Zombie1.prefab using Guid(6dc4cf4496348884d8ee27743ae38562) Importer(815301076,1909f56bfc062723c751e8b465ee728b)  -> (artifact id: '0979acd99b88d042427c8106cdbb4ae9') in 0.393493 seconds 
  Import took 0.424550 seconds .

========================================================================
Received Import Request.
  Time since last request: 0.000322 seconds.
  path: Assets/Zombie/Prefabs/Zombie3.prefab
  artifactKey: Guid(06cb2b131fe009c47a523671a8fa9ed8) Importer(815301076,1909f56bfc062723c751e8b465ee728b)
Start importing Assets/Zombie/Prefabs/Zombie3.prefab using Guid(06cb2b131fe009c47a523671a8fa9ed8) Importer(815301076,1909f56bfc062723c751e8b465ee728b)  -> (artifact id: 'a93f1ed542488944daafe8815499f969') in 0.071137 seconds 
  Import took 0.100493 seconds .

========================================================================
Received Import Request.
  Time since last request: 0.000235 seconds.
  path: Assets/Zombie/Prefabs/Zombie2.prefab
  artifactKey: Guid(d58be77cba3adf54cb14b15052b86514) Importer(815301076,1909f56bfc062723c751e8b465ee728b)
Start importing Assets/Zombie/Prefabs/Zombie2.prefab using Guid(d58be77cba3adf54cb14b15052b86514) Importer(815301076,1909f56bfc062723c751e8b465ee728b)  -> (artifact id: '906355f2b1d1e3a734678e64c17a8da9') in 0.067322 seconds 
  Import took 0.102496 seconds .

========================================================================
Received Import Request.
  Time since last request: 0.008427 seconds.
  path: Assets/Zombie/Prefabs/Zombie2.prefab
  artifactKey: Guid(d58be77cba3adf54cb14b15052b86514) Importer(815301076,1909f56bfc062723c751e8b465ee728b)
Start importing Assets/Zombie/Prefabs/Zombie2.prefab using Guid(d58be77cba3adf54cb14b15052b86514) Importer(815301076,1909f56bfc062723c751e8b465ee728b)  -> (artifact id: '906355f2b1d1e3a734678e64c17a8da9') in 0.063223 seconds 
  Import took 0.066590 seconds .

========================================================================
Received Import Request.
  Time since last request: 473.437633 seconds.
  path: Assets/Animaciones/CA Zombie.controller
  artifactKey: Guid(fe4def4cf6a22af4e956cd794d2dc6ad) Importer(815301076,1909f56bfc062723c751e8b465ee728b)
Start importing Assets/Animaciones/CA Zombie.controller using Guid(fe4def4cf6a22af4e956cd794d2dc6ad) Importer(815301076,1909f56bfc062723c751e8b465ee728b)  -> (artifact id: '645748af0a8308748320276b04a2a8a6') in 0.009103 seconds 
  Import took 0.144445 seconds .

========================================================================
Received Import Request.
  Time since last request: 5.630936 seconds.
  path: Assets/Zombie/Animations
  artifactKey: Guid(f3eea9b1c7ba62247acf479d69835474) Importer(815301076,1909f56bfc062723c751e8b465ee728b)
Start importing Assets/Zombie/Animations using Guid(f3eea9b1c7ba62247acf479d69835474) Importer(815301076,1909f56bfc062723c751e8b465ee728b)  -> (artifact id: '226dbbdee9df47482cffd96077ffafc7') in 0.007194 seconds 
  Import took 0.370489 seconds .

========================================================================
Received Import Request.
  Time since last request: 0.000189 seconds.
  path: Assets/Zombie/Animations/Zombie@Z_Walk1.FBX
  artifactKey: Guid(1d31b4476a14a0246b2e0f023e8877fe) Importer(815301076,1909f56bfc062723c751e8b465ee728b)
Start importing Assets/Zombie/Animations/Zombie@Z_Walk1.FBX using Guid(1d31b4476a14a0246b2e0f023e8877fe) Importer(815301076,1909f56bfc062723c751e8b465ee728b)  -> (artifact id: 'c3c01b78e77778101c98df929acba93d') in 0.250245 seconds 
  Import took 0.262602 seconds .

========================================================================
Received Import Request.
  Time since last request: 0.000247 seconds.
  path: Assets/Zombie/Animations/Zombie@Z_Walk_InPlace.FBX
  artifactKey: Guid(165698eac7ca81041ad603fc5a3afa55) Importer(815301076,1909f56bfc062723c751e8b465ee728b)
Start importing Assets/Zombie/Animations/Zombie@Z_Walk_InPlace.FBX using Guid(165698eac7ca81041ad603fc5a3afa55) Importer(815301076,1909f56bfc062723c751e8b465ee728b)  -> (artifact id: '316cea493c656138b59cb0be0ea40616') in 0.169383 seconds 
  Import took 0.173505 seconds .

========================================================================
Received Import Request.
  Time since last request: 0.000245 seconds.
  path: Assets/Zombie/Animations/Zombie@Z_Run.FBX
  artifactKey: Guid(55edd2c9d257d3f4481dfd16015bf8c1) Importer(815301076,1909f56bfc062723c751e8b465ee728b)
Start importing Assets/Zombie/Animations/Zombie@Z_Run.FBX using Guid(55edd2c9d257d3f4481dfd16015bf8c1) Importer(815301076,1909f56bfc062723c751e8b465ee728b)  -> (artifact id: '74546c41e9003d17d6be3b75322fc874') in 0.149234 seconds 
  Import took 0.229942 seconds .

========================================================================
Received Import Request.
  Time since last request: 0.000280 seconds.
  path: Assets/Zombie/Animations/Zombie@Z_Walk.FBX
  artifactKey: Guid(59dbfb66512f63c4eb6e1e30e0603198) Importer(815301076,1909f56bfc062723c751e8b465ee728b)
Start importing Assets/Zombie/Animations/Zombie@Z_Walk.FBX using Guid(59dbfb66512f63c4eb6e1e30e0603198) Importer(815301076,1909f56bfc062723c751e8b465ee728b)  -> (artifact id: '5d0d54ffcf1c558bae486d968d244455') in 0.190889 seconds 
  Import took 0.194547 seconds .

========================================================================
Received Import Request.
  Time since last request: 0.000405 seconds.
  path: Assets/Zombie/Animations/Zombie@Z_Attack.FBX
  artifactKey: Guid(631762b9a30b33a42836730a6b37d13f) Importer(815301076,1909f56bfc062723c751e8b465ee728b)
Start importing Assets/Zombie/Animations/Zombie@Z_Attack.FBX using Guid(631762b9a30b33a42836730a6b37d13f) Importer(815301076,1909f56bfc062723c751e8b465ee728b)  -> (artifact id: '41777e57c926ac5f225e9d3fee96c397') in 0.179573 seconds 
  Import took 0.234253 seconds .

========================================================================
Received Import Request.
  Time since last request: 0.000242 seconds.
  path: Assets/Zombie/Animations/Zombie@Z_Idle.FBX
  artifactKey: Guid(0d6373858f853604b960cf84b7d3dfbf) Importer(815301076,1909f56bfc062723c751e8b465ee728b)
Start importing Assets/Zombie/Animations/Zombie@Z_Idle.FBX using Guid(0d6373858f853604b960cf84b7d3dfbf) Importer(815301076,1909f56bfc062723c751e8b465ee728b)  -> (artifact id: 'd6e6f0ed6685c461c7d4c06156c4a4ba') in 0.148136 seconds 
  Import took 0.167661 seconds .

========================================================================
Received Import Request.
  Time since last request: 0.000312 seconds.
  path: Assets/Zombie/Animations/Zombie@Z_FallingForward.FBX
  artifactKey: Guid(d870b4f0cba458640b29cda304d40186) Importer(815301076,1909f56bfc062723c751e8b465ee728b)
Start importing Assets/Zombie/Animations/Zombie@Z_FallingForward.FBX using Guid(d870b4f0cba458640b29cda304d40186) Importer(815301076,1909f56bfc062723c751e8b465ee728b)  -> (artifact id: 'aadb88a99d6fd88c5cb52b9e34ae79f8') in 0.034737 seconds 
  Import took 0.061616 seconds .

========================================================================
Received Import Request.
  Time since last request: 0.000219 seconds.
  path: Assets/Zombie/Animations/Zombie@Z_Walk1_InPlace.FBX
  artifactKey: Guid(3fa7045af54b82c47852949257d136c7) Importer(815301076,1909f56bfc062723c751e8b465ee728b)
Start importing Assets/Zombie/Animations/Zombie@Z_Walk1_InPlace.FBX using Guid(3fa7045af54b82c47852949257d136c7) Importer(815301076,1909f56bfc062723c751e8b465ee728b)  -> (artifact id: 'c2222c8718bbdef56c01177f73801569') in 0.157535 seconds 
  Import took 0.183052 seconds .

========================================================================
Received Import Request.
  Time since last request: 0.000186 seconds.
  path: Assets/Zombie/Animations/Zombie@Z_Run_InPlace.FBX
  artifactKey: Guid(79969b20b5ba62e499ee433a4dd38701) Importer(815301076,1909f56bfc062723c751e8b465ee728b)
Start importing Assets/Zombie/Animations/Zombie@Z_Run_InPlace.FBX using Guid(79969b20b5ba62e499ee433a4dd38701) Importer(815301076,1909f56bfc062723c751e8b465ee728b)  -> (artifact id: '06640436686133e7dc062282820714e3') in 0.151633 seconds 
  Import took 0.183300 seconds .

========================================================================
Received Import Request.
  Time since last request: 0.000214 seconds.
  path: Assets/Zombie/Animations/Zombie@Z_FallingBack.FBX
  artifactKey: Guid(857241dcf6bb2ea45a0b3f46d78f44b5) Importer(815301076,1909f56bfc062723c751e8b465ee728b)
Start importing Assets/Zombie/Animations/Zombie@Z_FallingBack.FBX using Guid(857241dcf6bb2ea45a0b3f46d78f44b5) Importer(815301076,1909f56bfc062723c751e8b465ee728b)  -> (artifact id: '7ea8af3368a4386a6f6e3b2fa1f5f0ad') in 0.029531 seconds 
  Import took 0.076770 seconds .

========================================================================
Received Import Request.
  Time since last request: 206.246548 seconds.
  path: Assets/Animaciones/CA Zombie.controller
  artifactKey: Guid(fe4def4cf6a22af4e956cd794d2dc6ad) Importer(815301076,1909f56bfc062723c751e8b465ee728b)
Start importing Assets/Animaciones/CA Zombie.controller using Guid(fe4def4cf6a22af4e956cd794d2dc6ad) Importer(815301076,1909f56bfc062723c751e8b465ee728b)  -> (artifact id: 'f47ac54996c9bfa29ea516601f3f9f4f') in 0.007853 seconds 
  Import took 0.041757 seconds .

========================================================================
Received Prepare
Registering precompiled user dll's ...
Registered in 0.003137 seconds.
Begin MonoManager ReloadAssembly
Native extension for WindowsStandalone target not found
Refreshing native plugins compatible for Editor in 0.52 ms, found 2 plugins.
Preloading 0 native plugins for Editor in 0.00 ms.
Mono: successfully reloaded assembly
- Completed reload, in  0.987 seconds
Platform modules already initialized, skipping
Refreshing native plugins compatible for Editor in 0.51 ms, found 2 plugins.
Preloading 0 native plugins for Editor in 0.00 ms.
Unloading 1577 Unused Serialized files (Serialized files now loaded: 0)
System memory in use before: 114.7 MB.
System memory in use after: 113.8 MB.

Unloading 20 unused Assets to reduce memory usage. Loaded Objects now: 2130.
Total: 2.525500 ms (FindLiveObjects: 0.156500 ms CreateObjectMapping: 0.058500 ms MarkObjects: 1.741700 ms  DeleteObjects: 0.567700 ms)

AssetImportParameters requested are different than current active one (requested -> active):
  custom:framework-win-MediaFoundation: 216162199b28c13a410421893ffa2e32 -> 
  custom:video-decoder-ogg-theora: a1e56fd34408186e4bbccfd4996cb3dc -> 
  custom:container-muxer-webm: aa71ff27fc2769a1b78a27578f13a17b -> 
  custom:container-demuxer-webm: 4f35f7cbe854078d1ac9338744f61a02 -> 
  custom:container-demuxer-ogg: 62fdf1f143b41e24485cea50d1cbac27 -> 
  custom:video-encoder-webm-vp8: eb34c28f22e8b96e1ab97ce403110664 -> 
  custom:video-codec-MediaFoundation-h265: 746d11721c4dcdbdad8f713fa42b33f4 -> 
  custom:video-decoder-webm-vp8: 9c59270c3fd7afecdb556c50c9e8de78 -> 
  custom:audio-decoder-ogg-vorbis: bf7c407c2cedff20999df2af8eb42d56 -> 
  custom:audio-encoder-webm-vorbis: bf7c407c2cedff20999df2af8eb42d56 -> 
========================================================================
Received Import Request.
  Time since last request: 123.637827 seconds.
  path: Assets/Scripts/Vida.cs
  artifactKey: Guid(fd98679884125b246a83aa1254ba3a5e) Importer(815301076,1909f56bfc062723c751e8b465ee728b)
Start importing Assets/Scripts/Vida.cs using Guid(fd98679884125b246a83aa1254ba3a5e) Importer(815301076,1909f56bfc062723c751e8b465ee728b)  -> (artifact id: 'e84aee6efa271288caa87cc2f4bae5bf') in 0.024271 seconds 
  Import took 0.039670 seconds .

========================================================================
Received Import Request.
  Time since last request: 0.014631 seconds.
  path: Assets/Scripts/Vida.cs
  artifactKey: Guid(fd98679884125b246a83aa1254ba3a5e) Importer(815301076,1909f56bfc062723c751e8b465ee728b)
Start importing Assets/Scripts/Vida.cs using Guid(fd98679884125b246a83aa1254ba3a5e) Importer(815301076,1909f56bfc062723c751e8b465ee728b)  -> (artifact id: 'e84aee6efa271288caa87cc2f4bae5bf') in 0.001768 seconds 
  Import took 0.005114 seconds .

========================================================================
Received Prepare
Registering precompiled user dll's ...
Registered in 0.004405 seconds.
Begin MonoManager ReloadAssembly
Native extension for WindowsStandalone target not found
Refreshing native plugins compatible for Editor in 0.49 ms, found 2 plugins.
Preloading 0 native plugins for Editor in 0.00 ms.
Mono: successfully reloaded assembly
- Completed reload, in  1.003 seconds
Platform modules already initialized, skipping
Refreshing native plugins compatible for Editor in 0.78 ms, found 2 plugins.
Preloading 0 native plugins for Editor in 0.00 ms.
Unloading 1577 Unused Serialized files (Serialized files now loaded: 0)
System memory in use before: 114.8 MB.
System memory in use after: 113.8 MB.

Unloading 20 unused Assets to reduce memory usage. Loaded Objects now: 2133.
Total: 3.798900 ms (FindLiveObjects: 0.213000 ms CreateObjectMapping: 0.053300 ms MarkObjects: 2.765100 ms  DeleteObjects: 0.765200 ms)

AssetImportParameters requested are different than current active one (requested -> active):
  custom:framework-win-MediaFoundation: 216162199b28c13a410421893ffa2e32 -> 
  custom:video-decoder-ogg-theora: a1e56fd34408186e4bbccfd4996cb3dc -> 
  custom:container-muxer-webm: aa71ff27fc2769a1b78a27578f13a17b -> 
  custom:container-demuxer-webm: 4f35f7cbe854078d1ac9338744f61a02 -> 
  custom:container-demuxer-ogg: 62fdf1f143b41e24485cea50d1cbac27 -> 
  custom:video-encoder-webm-vp8: eb34c28f22e8b96e1ab97ce403110664 -> 
  custom:video-codec-MediaFoundation-h265: 746d11721c4dcdbdad8f713fa42b33f4 -> 
  custom:video-decoder-webm-vp8: 9c59270c3fd7afecdb556c50c9e8de78 -> 
  custom:audio-decoder-ogg-vorbis: bf7c407c2cedff20999df2af8eb42d56 -> 
  custom:audio-encoder-webm-vorbis: bf7c407c2cedff20999df2af8eb42d56 -> 
========================================================================
Received Import Request.
  Time since last request: 135.149410 seconds.
  path: Assets/Scripts/LogicaEnemigo.cs
  artifactKey: Guid(f28e8a4d593b28f44883c7b787dc8afb) Importer(815301076,1909f56bfc062723c751e8b465ee728b)
Start importing Assets/Scripts/LogicaEnemigo.cs using Guid(f28e8a4d593b28f44883c7b787dc8afb) Importer(815301076,1909f56bfc062723c751e8b465ee728b)  -> (artifact id: 'd4dde122002f20a234ff748f0fe9e331') in 0.008765 seconds 
  Import took 0.031884 seconds .

========================================================================
Received Import Request.
  Time since last request: 0.007060 seconds.
  path: Assets/Scripts/LogicaEnemigo.cs
  artifactKey: Guid(f28e8a4d593b28f44883c7b787dc8afb) Importer(815301076,1909f56bfc062723c751e8b465ee728b)
Start importing Assets/Scripts/LogicaEnemigo.cs using Guid(f28e8a4d593b28f44883c7b787dc8afb) Importer(815301076,1909f56bfc062723c751e8b465ee728b)  -> (artifact id: 'd4dde122002f20a234ff748f0fe9e331') in 0.001817 seconds 
  Import took 0.005487 seconds .

========================================================================
Received Import Request.
  Time since last request: 176.097554 seconds.
  path: Assets/Scripts/LogicaJugador.cs
  artifactKey: Guid(95b89031a9e6c524db632014cb41a93a) Importer(815301076,1909f56bfc062723c751e8b465ee728b)
Start importing Assets/Scripts/LogicaJugador.cs using Guid(95b89031a9e6c524db632014cb41a93a) Importer(815301076,1909f56bfc062723c751e8b465ee728b)  -> (artifact id: '7ecb4b19f1ada774c96c6f5859ca0fa0') in 0.008633 seconds 
  Import took 0.012605 seconds .

========================================================================
Received Import Request.
  Time since last request: 501.650738 seconds.
  path: Assets/Animaciones/CA Zombie.controller
  artifactKey: Guid(fe4def4cf6a22af4e956cd794d2dc6ad) Importer(815301076,1909f56bfc062723c751e8b465ee728b)
Start importing Assets/Animaciones/CA Zombie.controller using Guid(fe4def4cf6a22af4e956cd794d2dc6ad) Importer(815301076,1909f56bfc062723c751e8b465ee728b)  -> (artifact id: 'b642d045aa5a4a9c1125361706013dad') in 0.036355 seconds 
  Import took 0.074953 seconds .

========================================================================
Received Import Request.
  Time since last request: 304.184901 seconds.
  path: Assets/Scripts/LogicaEnemigo.cs
  artifactKey: Guid(f28e8a4d593b28f44883c7b787dc8afb) Importer(815301076,1909f56bfc062723c751e8b465ee728b)
Start importing Assets/Scripts/LogicaEnemigo.cs using Guid(f28e8a4d593b28f44883c7b787dc8afb) Importer(815301076,1909f56bfc062723c751e8b465ee728b)  -> (artifact id: 'a19d69891ae5b92750d45283979ba2d4') in 0.002541 seconds 
  Import took 0.167006 seconds .

========================================================================
Received Import Request.
  Time since last request: 15.469370 seconds.
  path: Assets/Scripts/LogicaJugador.cs
  artifactKey: Guid(95b89031a9e6c524db632014cb41a93a) Importer(815301076,1909f56bfc062723c751e8b465ee728b)
Start importing Assets/Scripts/LogicaJugador.cs using Guid(95b89031a9e6c524db632014cb41a93a) Importer(815301076,1909f56bfc062723c751e8b465ee728b)  -> (artifact id: '2baaf049c3ca2161c633b7f397b62be8') in 0.003307 seconds 
  Import took 0.100973 seconds .

========================================================================
Received Prepare
Registering precompiled user dll's ...
Registered in 0.003058 seconds.
Begin MonoManager ReloadAssembly
Native extension for WindowsStandalone target not found
Refreshing native plugins compatible for Editor in 0.49 ms, found 2 plugins.
Preloading 0 native plugins for Editor in 0.00 ms.
Mono: successfully reloaded assembly
- Completed reload, in  1.023 seconds
Platform modules already initialized, skipping
Refreshing native plugins compatible for Editor in 0.49 ms, found 2 plugins.
Preloading 0 native plugins for Editor in 0.00 ms.
Unloading 1580 Unused Serialized files (Serialized files now loaded: 0)
System memory in use before: 114.8 MB.
System memory in use after: 113.9 MB.

Unloading 20 unused Assets to reduce memory usage. Loaded Objects now: 2139.
Total: 2.450500 ms (FindLiveObjects: 0.176600 ms CreateObjectMapping: 0.056600 ms MarkObjects: 1.599300 ms  DeleteObjects: 0.616800 ms)

AssetImportParameters requested are different than current active one (requested -> active):
  custom:framework-win-MediaFoundation: 216162199b28c13a410421893ffa2e32 -> 
  custom:video-decoder-ogg-theora: a1e56fd34408186e4bbccfd4996cb3dc -> 
  custom:container-muxer-webm: aa71ff27fc2769a1b78a27578f13a17b -> 
  custom:container-demuxer-webm: 4f35f7cbe854078d1ac9338744f61a02 -> 
  custom:container-demuxer-ogg: 62fdf1f143b41e24485cea50d1cbac27 -> 
  custom:video-encoder-webm-vp8: eb34c28f22e8b96e1ab97ce403110664 -> 
  custom:video-codec-MediaFoundation-h265: 746d11721c4dcdbdad8f713fa42b33f4 -> 
  custom:video-decoder-webm-vp8: 9c59270c3fd7afecdb556c50c9e8de78 -> 
  custom:audio-decoder-ogg-vorbis: bf7c407c2cedff20999df2af8eb42d56 -> 
  custom:audio-encoder-webm-vorbis: bf7c407c2cedff20999df2af8eb42d56 -> 
========================================================================
Received Import Request.
  Time since last request: 1398.666315 seconds.
  path: Assets/EffectExamples/WeaponEffects/Prefabs/BulletImpactFleshBigEffect.prefab
  artifactKey: Guid(e5a3d6da48298a0458c1990f58c27069) Importer(815301076,1909f56bfc062723c751e8b465ee728b)
Start importing Assets/EffectExamples/WeaponEffects/Prefabs/BulletImpactFleshBigEffect.prefab using Guid(e5a3d6da48298a0458c1990f58c27069) Importer(815301076,1909f56bfc062723c751e8b465ee728b)  -> (artifact id: '8b5ac75de10fe671e931ce6d2def8a78') in 0.052835 seconds 
  Import took 0.074638 seconds .

========================================================================
Received Import Request.
  Time since last request: 33.276037 seconds.
  path: Assets/Prefabs/BulletImpactFleshBigEffect.prefab
  artifactKey: Guid(9ae526888937cc041995673e232ff4fc) Importer(815301076,1909f56bfc062723c751e8b465ee728b)
Start importing Assets/Prefabs/BulletImpactFleshBigEffect.prefab using Guid(9ae526888937cc041995673e232ff4fc) Importer(815301076,1909f56bfc062723c751e8b465ee728b)  -> (artifact id: 'fc41b2ca34172823aecd8da99acaa1d4') in 0.004450 seconds 
  Import took 0.007967 seconds .

========================================================================
Received Import Request.
  Time since last request: 0.011892 seconds.
  path: Assets/Prefabs/BulletImpactFleshBigEffect.prefab
  artifactKey: Guid(9ae526888937cc041995673e232ff4fc) Importer(815301076,1909f56bfc062723c751e8b465ee728b)
Start importing Assets/Prefabs/BulletImpactFleshBigEffect.prefab using Guid(9ae526888937cc041995673e232ff4fc) Importer(815301076,1909f56bfc062723c751e8b465ee728b)  -> (artifact id: 'fc41b2ca34172823aecd8da99acaa1d4') in 0.004615 seconds 
  Import took 0.008032 seconds .

========================================================================
Received Import Request.
  Time since last request: 321.601633 seconds.
  path: Assets/Scripts/LogicaArma.cs
  artifactKey: Guid(d75f0655319754841a7c4c878fe748af) Importer(815301076,1909f56bfc062723c751e8b465ee728b)
Start importing Assets/Scripts/LogicaArma.cs using Guid(d75f0655319754841a7c4c878fe748af) Importer(815301076,1909f56bfc062723c751e8b465ee728b)  -> (artifact id: '72a7f3279c0ded194f2e65c9f535fae6') in 0.008198 seconds 
  Import took 0.107988 seconds .

========================================================================
Received Prepare
Registering precompiled user dll's ...
Registered in 0.003457 seconds.
Begin MonoManager ReloadAssembly
Native extension for WindowsStandalone target not found
Refreshing native plugins compatible for Editor in 0.47 ms, found 2 plugins.
Preloading 0 native plugins for Editor in 0.00 ms.
Mono: successfully reloaded assembly
- Completed reload, in  0.991 seconds
Platform modules already initialized, skipping
Refreshing native plugins compatible for Editor in 0.49 ms, found 2 plugins.
Preloading 0 native plugins for Editor in 0.00 ms.
Unloading 1580 Unused Serialized files (Serialized files now loaded: 0)
System memory in use before: 114.9 MB.
System memory in use after: 113.9 MB.

Unloading 20 unused Assets to reduce memory usage. Loaded Objects now: 2142.
Total: 2.434000 ms (FindLiveObjects: 0.142800 ms CreateObjectMapping: 0.046200 ms MarkObjects: 1.632800 ms  DeleteObjects: 0.611100 ms)

AssetImportParameters requested are different than current active one (requested -> active):
  custom:framework-win-MediaFoundation: 216162199b28c13a410421893ffa2e32 -> 
  custom:video-decoder-ogg-theora: a1e56fd34408186e4bbccfd4996cb3dc -> 
  custom:container-muxer-webm: aa71ff27fc2769a1b78a27578f13a17b -> 
  custom:container-demuxer-webm: 4f35f7cbe854078d1ac9338744f61a02 -> 
  custom:container-demuxer-ogg: 62fdf1f143b41e24485cea50d1cbac27 -> 
  custom:video-encoder-webm-vp8: eb34c28f22e8b96e1ab97ce403110664 -> 
  custom:video-codec-MediaFoundation-h265: 746d11721c4dcdbdad8f713fa42b33f4 -> 
  custom:video-decoder-webm-vp8: 9c59270c3fd7afecdb556c50c9e8de78 -> 
  custom:audio-decoder-ogg-vorbis: bf7c407c2cedff20999df2af8eb42d56 -> 
  custom:audio-encoder-webm-vorbis: bf7c407c2cedff20999df2af8eb42d56 -> 
========================================================================
Received Prepare
Registering precompiled user dll's ...
Registered in 0.003171 seconds.
Begin MonoManager ReloadAssembly
Native extension for WindowsStandalone target not found
Refreshing native plugins compatible for Editor in 0.53 ms, found 2 plugins.
Preloading 0 native plugins for Editor in 0.00 ms.
Mono: successfully reloaded assembly
- Completed reload, in  0.935 seconds
Platform modules already initialized, skipping
Refreshing native plugins compatible for Editor in 0.53 ms, found 2 plugins.
Preloading 0 native plugins for Editor in 0.00 ms.
Unloading 1580 Unused Serialized files (Serialized files now loaded: 0)
System memory in use before: 114.9 MB.
System memory in use after: 113.9 MB.

Unloading 20 unused Assets to reduce memory usage. Loaded Objects now: 2145.
Total: 2.592500 ms (FindLiveObjects: 0.159700 ms CreateObjectMapping: 0.061300 ms MarkObjects: 1.693100 ms  DeleteObjects: 0.677200 ms)

AssetImportParameters requested are different than current active one (requested -> active):
  custom:framework-win-MediaFoundation: 216162199b28c13a410421893ffa2e32 -> 
  custom:video-decoder-ogg-theora: a1e56fd34408186e4bbccfd4996cb3dc -> 
  custom:container-muxer-webm: aa71ff27fc2769a1b78a27578f13a17b -> 
  custom:container-demuxer-webm: 4f35f7cbe854078d1ac9338744f61a02 -> 
  custom:container-demuxer-ogg: 62fdf1f143b41e24485cea50d1cbac27 -> 
  custom:video-encoder-webm-vp8: eb34c28f22e8b96e1ab97ce403110664 -> 
  custom:video-codec-MediaFoundation-h265: 746d11721c4dcdbdad8f713fa42b33f4 -> 
  custom:video-decoder-webm-vp8: 9c59270c3fd7afecdb556c50c9e8de78 -> 
  custom:audio-decoder-ogg-vorbis: bf7c407c2cedff20999df2af8eb42d56 -> 
  custom:audio-encoder-webm-vorbis: bf7c407c2cedff20999df2af8eb42d56 -> 
========================================================================
Received Prepare
Registering precompiled user dll's ...
Registered in 0.003051 seconds.
Begin MonoManager ReloadAssembly
Native extension for WindowsStandalone target not found
Refreshing native plugins compatible for Editor in 0.59 ms, found 2 plugins.
Preloading 0 native plugins for Editor in 0.00 ms.
Mono: successfully reloaded assembly
- Completed reload, in  0.886 seconds
Platform modules already initialized, skipping
Refreshing native plugins compatible for Editor in 0.55 ms, found 2 plugins.
Preloading 0 native plugins for Editor in 0.00 ms.
Unloading 1581 Unused Serialized files (Serialized files now loaded: 0)
System memory in use before: 114.9 MB.
System memory in use after: 114.0 MB.

Unloading 20 unused Assets to reduce memory usage. Loaded Objects now: 2149.
Total: 2.367900 ms (FindLiveObjects: 0.158000 ms CreateObjectMapping: 0.057000 ms MarkObjects: 1.513600 ms  DeleteObjects: 0.638300 ms)

AssetImportParameters requested are different than current active one (requested -> active):
  custom:framework-win-MediaFoundation: 216162199b28c13a410421893ffa2e32 -> 
  custom:video-decoder-ogg-theora: a1e56fd34408186e4bbccfd4996cb3dc -> 
  custom:container-muxer-webm: aa71ff27fc2769a1b78a27578f13a17b -> 
  custom:container-demuxer-webm: 4f35f7cbe854078d1ac9338744f61a02 -> 
  custom:container-demuxer-ogg: 62fdf1f143b41e24485cea50d1cbac27 -> 
  custom:video-encoder-webm-vp8: eb34c28f22e8b96e1ab97ce403110664 -> 
  custom:video-codec-MediaFoundation-h265: 746d11721c4dcdbdad8f713fa42b33f4 -> 
  custom:video-decoder-webm-vp8: 9c59270c3fd7afecdb556c50c9e8de78 -> 
  custom:audio-decoder-ogg-vorbis: bf7c407c2cedff20999df2af8eb42d56 -> 
  custom:audio-encoder-webm-vorbis: bf7c407c2cedff20999df2af8eb42d56 -> 
========================================================================
Received Import Request.
  Time since last request: 448.423813 seconds.
  path: Assets/Scripts/TextosPlayer/PantallaVida.cs
  artifactKey: Guid(932f3ba136cce0543b205a19b9785d03) Importer(815301076,1909f56bfc062723c751e8b465ee728b)
Start importing Assets/Scripts/TextosPlayer/PantallaVida.cs using Guid(932f3ba136cce0543b205a19b9785d03) Importer(815301076,1909f56bfc062723c751e8b465ee728b)  -> (artifact id: '22e53a6111729a0d9c80c74d86092d2c') in 0.009273 seconds 
  Import took 0.012349 seconds .

========================================================================
Received Prepare
Registering precompiled user dll's ...
Registered in 0.003533 seconds.
Begin MonoManager ReloadAssembly
Native extension for WindowsStandalone target not found
Refreshing native plugins compatible for Editor in 0.47 ms, found 2 plugins.
Preloading 0 native plugins for Editor in 0.00 ms.
Mono: successfully reloaded assembly
- Completed reload, in  0.976 seconds
Platform modules already initialized, skipping
Refreshing native plugins compatible for Editor in 0.53 ms, found 2 plugins.
Preloading 0 native plugins for Editor in 0.00 ms.
Unloading 1581 Unused Serialized files (Serialized files now loaded: 0)
System memory in use before: 114.9 MB.
System memory in use after: 114.0 MB.

Unloading 20 unused Assets to reduce memory usage. Loaded Objects now: 2152.
Total: 2.558600 ms (FindLiveObjects: 0.151500 ms CreateObjectMapping: 0.049600 ms MarkObjects: 1.687800 ms  DeleteObjects: 0.668600 ms)

AssetImportParameters requested are different than current active one (requested -> active):
  custom:framework-win-MediaFoundation: 216162199b28c13a410421893ffa2e32 -> 
  custom:video-decoder-ogg-theora: a1e56fd34408186e4bbccfd4996cb3dc -> 
  custom:container-muxer-webm: aa71ff27fc2769a1b78a27578f13a17b -> 
  custom:container-demuxer-webm: 4f35f7cbe854078d1ac9338744f61a02 -> 
  custom:container-demuxer-ogg: 62fdf1f143b41e24485cea50d1cbac27 -> 
  custom:video-encoder-webm-vp8: eb34c28f22e8b96e1ab97ce403110664 -> 
  custom:video-codec-MediaFoundation-h265: 746d11721c4dcdbdad8f713fa42b33f4 -> 
  custom:video-decoder-webm-vp8: 9c59270c3fd7afecdb556c50c9e8de78 -> 
  custom:audio-decoder-ogg-vorbis: bf7c407c2cedff20999df2af8eb42d56 -> 
  custom:audio-encoder-webm-vorbis: bf7c407c2cedff20999df2af8eb42d56 -> 
========================================================================
Received Import Request.
  Time since last request: 49.991026 seconds.
  path: Assets/Scripts/TextosPlayer/PantallaVida.cs
  artifactKey: Guid(932f3ba136cce0543b205a19b9785d03) Importer(815301076,1909f56bfc062723c751e8b465ee728b)
Start importing Assets/Scripts/TextosPlayer/PantallaVida.cs using Guid(932f3ba136cce0543b205a19b9785d03) Importer(815301076,1909f56bfc062723c751e8b465ee728b)  -> (artifact id: '868e93991557bacf2b5af7c918710ec0') in 0.004585 seconds 
  Import took 0.015727 seconds .

========================================================================
Received Import Request.
  Time since last request: 401.773145 seconds.
  path: Assets/Scripts/Vida.cs
  artifactKey: Guid(fd98679884125b246a83aa1254ba3a5e) Importer(815301076,1909f56bfc062723c751e8b465ee728b)
Start importing Assets/Scripts/Vida.cs using Guid(fd98679884125b246a83aa1254ba3a5e) Importer(815301076,1909f56bfc062723c751e8b465ee728b)  -> (artifact id: '3038a5e2ce4eaa2d39b60259d95cc2c5') in 0.006409 seconds 
  Import took 0.036699 seconds .

========================================================================
Received Import Request.
  Time since last request: 0.011124 seconds.
  path: Assets/Scripts/Vida.cs
  artifactKey: Guid(fd98679884125b246a83aa1254ba3a5e) Importer(815301076,1909f56bfc062723c751e8b465ee728b)
Start importing Assets/Scripts/Vida.cs using Guid(fd98679884125b246a83aa1254ba3a5e) Importer(815301076,1909f56bfc062723c751e8b465ee728b)  -> (artifact id: '3038a5e2ce4eaa2d39b60259d95cc2c5') in 0.002057 seconds 
  Import took 0.004935 seconds .

========================================================================
Received Prepare
Registering precompiled user dll's ...
Registered in 0.003806 seconds.
Begin MonoManager ReloadAssembly
Native extension for WindowsStandalone target not found
Refreshing native plugins compatible for Editor in 0.48 ms, found 2 plugins.
Preloading 0 native plugins for Editor in 0.00 ms.
Mono: successfully reloaded assembly
- Completed reload, in  0.965 seconds
Platform modules already initialized, skipping
Refreshing native plugins compatible for Editor in 0.54 ms, found 2 plugins.
Preloading 0 native plugins for Editor in 0.00 ms.
Unloading 1582 Unused Serialized files (Serialized files now loaded: 0)
System memory in use before: 114.9 MB.
System memory in use after: 114.0 MB.

Unloading 20 unused Assets to reduce memory usage. Loaded Objects now: 2156.
Total: 3.068600 ms (FindLiveObjects: 0.201500 ms CreateObjectMapping: 0.071300 ms MarkObjects: 2.024000 ms  DeleteObjects: 0.769900 ms)

AssetImportParameters requested are different than current active one (requested -> active):
  custom:framework-win-MediaFoundation: 216162199b28c13a410421893ffa2e32 -> 
  custom:video-decoder-ogg-theora: a1e56fd34408186e4bbccfd4996cb3dc -> 
  custom:container-muxer-webm: aa71ff27fc2769a1b78a27578f13a17b -> 
  custom:container-demuxer-webm: 4f35f7cbe854078d1ac9338744f61a02 -> 
  custom:container-demuxer-ogg: 62fdf1f143b41e24485cea50d1cbac27 -> 
  custom:video-encoder-webm-vp8: eb34c28f22e8b96e1ab97ce403110664 -> 
  custom:video-codec-MediaFoundation-h265: 746d11721c4dcdbdad8f713fa42b33f4 -> 
  custom:video-decoder-webm-vp8: 9c59270c3fd7afecdb556c50c9e8de78 -> 
  custom:audio-decoder-ogg-vorbis: bf7c407c2cedff20999df2af8eb42d56 -> 
  custom:audio-encoder-webm-vorbis: bf7c407c2cedff20999df2af8eb42d56 -> 
========================================================================
Received Import Request.
  Time since last request: 233.232066 seconds.
  path: Assets/Scripts/TextoFlotante.cs
  artifactKey: Guid(593df31dfea3df44bbe8b79ba470fd12) Importer(815301076,1909f56bfc062723c751e8b465ee728b)
Start importing Assets/Scripts/TextoFlotante.cs using Guid(593df31dfea3df44bbe8b79ba470fd12) Importer(815301076,1909f56bfc062723c751e8b465ee728b)  -> (artifact id: 'a1a82625a09993cdd3c671791e47af19') in 0.008360 seconds 
  Import took 0.011151 seconds .

========================================================================
Received Import Request.
  Time since last request: 163.750809 seconds.
  path: Assets/Prefabs/TextoFlotante.prefab
  artifactKey: Guid(e52390dd353dda64abf94be2bcc0d0b7) Importer(815301076,1909f56bfc062723c751e8b465ee728b)
Start importing Assets/Prefabs/TextoFlotante.prefab using Guid(e52390dd353dda64abf94be2bcc0d0b7) Importer(815301076,1909f56bfc062723c751e8b465ee728b)  -> (artifact id: '302b6f8ed5cb8f242b49fa1b01422a42') in 0.074599 seconds 
  Import took 0.077479 seconds .

========================================================================
Received Import Request.
  Time since last request: 206.195841 seconds.
  path: Assets/Animaciones/TextoFlotante.controller
  artifactKey: Guid(e700c3d05cd57674ba6b4bbf24b8d7eb) Importer(815301076,1909f56bfc062723c751e8b465ee728b)
Start importing Assets/Animaciones/TextoFlotante.controller using Guid(e700c3d05cd57674ba6b4bbf24b8d7eb) Importer(815301076,1909f56bfc062723c751e8b465ee728b)  -> (artifact id: '686a9f23f1074b58ffa35bc33a92824e') in 0.003886 seconds 
  Import took 0.007224 seconds .

========================================================================
Received Import Request.
  Time since last request: 50.893599 seconds.
  path: Assets/Animaciones/CA TextoFlotante.anim
  artifactKey: Guid(c6c2b9fb95913dc41a8845009e8d9063) Importer(815301076,1909f56bfc062723c751e8b465ee728b)
Start importing Assets/Animaciones/CA TextoFlotante.anim using Guid(c6c2b9fb95913dc41a8845009e8d9063) Importer(815301076,1909f56bfc062723c751e8b465ee728b)  -> (artifact id: 'ca65f1e164d8c9a4d21e6e705858aa10') in 0.008693 seconds 
  Import took 0.117704 seconds .

========================================================================
Received Import Request.
  Time since last request: 9.977625 seconds.
  path: Assets/Animaciones/CA TextoFlotante.anim
  artifactKey: Guid(c6c2b9fb95913dc41a8845009e8d9063) Importer(815301076,1909f56bfc062723c751e8b465ee728b)
Start importing Assets/Animaciones/CA TextoFlotante.anim using Guid(c6c2b9fb95913dc41a8845009e8d9063) Importer(815301076,1909f56bfc062723c751e8b465ee728b)  -> (artifact id: 'f6d112b407c2a0d0453c37c185e99969') in 0.007691 seconds 
  Import took 0.058639 seconds .

========================================================================
Received Import Request.
  Time since last request: 22.157575 seconds.
  path: Assets/Prefabs/TextoFlotante.prefab
  artifactKey: Guid(e52390dd353dda64abf94be2bcc0d0b7) Importer(815301076,1909f56bfc062723c751e8b465ee728b)
Start importing Assets/Prefabs/TextoFlotante.prefab using Guid(e52390dd353dda64abf94be2bcc0d0b7) Importer(815301076,1909f56bfc062723c751e8b465ee728b)  -> (artifact id: 'f837a49ad0f2d2a7f5f597927ee7afc7') in 0.008635 seconds 
  Import took 0.046011 seconds .

========================================================================
Received Import Request.
  Time since last request: 3.500397 seconds.
  path: Assets/Prefabs/TextoFlotante.prefab
  artifactKey: Guid(e52390dd353dda64abf94be2bcc0d0b7) Importer(815301076,1909f56bfc062723c751e8b465ee728b)
Start importing Assets/Prefabs/TextoFlotante.prefab using Guid(e52390dd353dda64abf94be2bcc0d0b7) Importer(815301076,1909f56bfc062723c751e8b465ee728b)  -> (artifact id: '5a7f43473f954184e1b3852fc11f4e48') in 0.003555 seconds 
  Import took 0.175717 seconds .

========================================================================
Received Import Request.
  Time since last request: 961.939915 seconds.
  path: Assets/Scripts/Puntaje.cs
  artifactKey: Guid(d6779aace12363043b176955845c610c) Importer(815301076,1909f56bfc062723c751e8b465ee728b)
Start importing Assets/Scripts/Puntaje.cs using Guid(d6779aace12363043b176955845c610c) Importer(815301076,1909f56bfc062723c751e8b465ee728b)  -> (artifact id: '497b191df91391d8a0a508f3099d4ff6') in 0.006708 seconds 
  Import took 0.104959 seconds .

========================================================================
Received Import Request.
  Time since last request: 129.936560 seconds.
  path: Assets/Prefabs/Puntaje.prefab
  artifactKey: Guid(0d0762fce6efd0e4493d7a28740eb036) Importer(815301076,1909f56bfc062723c751e8b465ee728b)
Start importing Assets/Prefabs/Puntaje.prefab using Guid(0d0762fce6efd0e4493d7a28740eb036) Importer(815301076,1909f56bfc062723c751e8b465ee728b)  -> (artifact id: 'ac4f05ec929a127179b67acf3df3774f') in 0.010742 seconds 
  Import took 0.013463 seconds .

========================================================================
Received Import Request.
  Time since last request: 0.007579 seconds.
  path: Assets/Prefabs/Puntaje.prefab
  artifactKey: Guid(0d0762fce6efd0e4493d7a28740eb036) Importer(815301076,1909f56bfc062723c751e8b465ee728b)
Start importing Assets/Prefabs/Puntaje.prefab using Guid(0d0762fce6efd0e4493d7a28740eb036) Importer(815301076,1909f56bfc062723c751e8b465ee728b)  -> (artifact id: 'ac4f05ec929a127179b67acf3df3774f') in 0.003091 seconds 
  Import took 0.005745 seconds .

========================================================================
Received Import Request.
  Time since last request: 5.814067 seconds.
  path: Assets/Prefabs/Puntaje 1.prefab
  artifactKey: Guid(76b27061eeb804242a832c25b697ac61) Importer(815301076,1909f56bfc062723c751e8b465ee728b)
Start importing Assets/Prefabs/Puntaje 1.prefab using Guid(76b27061eeb804242a832c25b697ac61) Importer(815301076,1909f56bfc062723c751e8b465ee728b)  -> (artifact id: '94c375a986e864dd87d89548aa755e02') in 0.006850 seconds 
  Import took 0.009569 seconds .

========================================================================
Received Import Request.
  Time since last request: 0.010070 seconds.
  path: Assets/Prefabs/Puntaje 1.prefab
  artifactKey: Guid(76b27061eeb804242a832c25b697ac61) Importer(815301076,1909f56bfc062723c751e8b465ee728b)
Start importing Assets/Prefabs/Puntaje 1.prefab using Guid(76b27061eeb804242a832c25b697ac61) Importer(815301076,1909f56bfc062723c751e8b465ee728b)  -> (artifact id: '94c375a986e864dd87d89548aa755e02') in 0.003365 seconds 
  Import took 0.006026 seconds .

========================================================================
Received Import Request.
  Time since last request: 15.940019 seconds.
  path: Assets/Prefabs/ValorPuntaje.prefab
  artifactKey: Guid(76b27061eeb804242a832c25b697ac61) Importer(815301076,1909f56bfc062723c751e8b465ee728b)
Start importing Assets/Prefabs/ValorPuntaje.prefab using Guid(76b27061eeb804242a832c25b697ac61) Importer(815301076,1909f56bfc062723c751e8b465ee728b)  -> (artifact id: '3f18df4874145675469e25bb7ba86cd7') in 0.009088 seconds 
  Import took 0.012799 seconds .

========================================================================
Received Import Request.
  Time since last request: 0.006018 seconds.
  path: Assets/Prefabs/ValorPuntaje.prefab
  artifactKey: Guid(76b27061eeb804242a832c25b697ac61) Importer(815301076,1909f56bfc062723c751e8b465ee728b)
Start importing Assets/Prefabs/ValorPuntaje.prefab using Guid(76b27061eeb804242a832c25b697ac61) Importer(815301076,1909f56bfc062723c751e8b465ee728b)  -> (artifact id: '3f18df4874145675469e25bb7ba86cd7') in 0.003270 seconds 
  Import took 0.006975 seconds .

========================================================================
Received Import Request.
  Time since last request: 21.269709 seconds.
  path: Assets/Prefabs/ValorPuntaje.prefab
  artifactKey: Guid(76b27061eeb804242a832c25b697ac61) Importer(815301076,1909f56bfc062723c751e8b465ee728b)
Start importing Assets/Prefabs/ValorPuntaje.prefab using Guid(76b27061eeb804242a832c25b697ac61) Importer(815301076,1909f56bfc062723c751e8b465ee728b)  -> (artifact id: '85574c3d461aefbb496a9544d20bd5b9') in 0.003240 seconds 
  Import took 0.040299 seconds .

========================================================================
Received Prepare
Registering precompiled user dll's ...
Registered in 0.003488 seconds.
Begin MonoManager ReloadAssembly
Native extension for WindowsStandalone target not found
Refreshing native plugins compatible for Editor in 0.46 ms, found 2 plugins.
Preloading 0 native plugins for Editor in 0.00 ms.
Mono: successfully reloaded assembly
- Completed reload, in  0.947 seconds
Platform modules already initialized, skipping
Refreshing native plugins compatible for Editor in 0.58 ms, found 2 plugins.
Preloading 0 native plugins for Editor in 0.00 ms.
Unloading 1582 Unused Serialized files (Serialized files now loaded: 0)
System memory in use before: 115.0 MB.
System memory in use after: 114.1 MB.

Unloading 20 unused Assets to reduce memory usage. Loaded Objects now: 2161.
Total: 3.043200 ms (FindLiveObjects: 0.212600 ms CreateObjectMapping: 0.054000 ms MarkObjects: 2.041900 ms  DeleteObjects: 0.733000 ms)

AssetImportParameters requested are different than current active one (requested -> active):
  custom:framework-win-MediaFoundation: 216162199b28c13a410421893ffa2e32 -> 
  custom:video-decoder-ogg-theora: a1e56fd34408186e4bbccfd4996cb3dc -> 
  custom:container-muxer-webm: aa71ff27fc2769a1b78a27578f13a17b -> 
  custom:container-demuxer-webm: 4f35f7cbe854078d1ac9338744f61a02 -> 
  custom:container-demuxer-ogg: 62fdf1f143b41e24485cea50d1cbac27 -> 
  custom:video-encoder-webm-vp8: eb34c28f22e8b96e1ab97ce403110664 -> 
  custom:video-codec-MediaFoundation-h265: 746d11721c4dcdbdad8f713fa42b33f4 -> 
  custom:video-decoder-webm-vp8: 9c59270c3fd7afecdb556c50c9e8de78 -> 
  custom:audio-decoder-ogg-vorbis: bf7c407c2cedff20999df2af8eb42d56 -> 
  custom:audio-encoder-webm-vorbis: bf7c407c2cedff20999df2af8eb42d56 -> 
========================================================================
Received Prepare
Registering precompiled user dll's ...
Registered in 0.003789 seconds.
Begin MonoManager ReloadAssembly
Native extension for WindowsStandalone target not found
Refreshing native plugins compatible for Editor in 1.39 ms, found 2 plugins.
Preloading 0 native plugins for Editor in 0.00 ms.
Mono: successfully reloaded assembly
- Completed reload, in  0.990 seconds
Platform modules already initialized, skipping
Refreshing native plugins compatible for Editor in 0.49 ms, found 2 plugins.
Preloading 0 native plugins for Editor in 0.00 ms.
Unloading 1582 Unused Serialized files (Serialized files now loaded: 0)
System memory in use before: 115.0 MB.
System memory in use after: 114.1 MB.

Unloading 20 unused Assets to reduce memory usage. Loaded Objects now: 2164.
Total: 2.847600 ms (FindLiveObjects: 0.171600 ms CreateObjectMapping: 0.054600 ms MarkObjects: 1.923800 ms  DeleteObjects: 0.696200 ms)

AssetImportParameters requested are different than current active one (requested -> active):
  custom:framework-win-MediaFoundation: 216162199b28c13a410421893ffa2e32 -> 
  custom:video-decoder-ogg-theora: a1e56fd34408186e4bbccfd4996cb3dc -> 
  custom:container-muxer-webm: aa71ff27fc2769a1b78a27578f13a17b -> 
  custom:container-demuxer-webm: 4f35f7cbe854078d1ac9338744f61a02 -> 
  custom:container-demuxer-ogg: 62fdf1f143b41e24485cea50d1cbac27 -> 
  custom:video-encoder-webm-vp8: eb34c28f22e8b96e1ab97ce403110664 -> 
  custom:video-codec-MediaFoundation-h265: 746d11721c4dcdbdad8f713fa42b33f4 -> 
  custom:video-decoder-webm-vp8: 9c59270c3fd7afecdb556c50c9e8de78 -> 
  custom:audio-decoder-ogg-vorbis: bf7c407c2cedff20999df2af8eb42d56 -> 
  custom:audio-encoder-webm-vorbis: bf7c407c2cedff20999df2af8eb42d56 -> 
========================================================================
Received Import Request.
  Time since last request: 162.570124 seconds.
  path: Assets/Scripts/LogicaEnemigo.cs
  artifactKey: Guid(f28e8a4d593b28f44883c7b787dc8afb) Importer(815301076,1909f56bfc062723c751e8b465ee728b)
Start importing Assets/Scripts/LogicaEnemigo.cs using Guid(f28e8a4d593b28f44883c7b787dc8afb) Importer(815301076,1909f56bfc062723c751e8b465ee728b)  -> (artifact id: 'e0a85d0e3fe0b6e901efcde487872ea7') in 0.004675 seconds 
  Import took 0.122760 seconds .

========================================================================
Received Prepare
Registering precompiled user dll's ...
Registered in 0.003102 seconds.
Begin MonoManager ReloadAssembly
Native extension for WindowsStandalone target not found
Refreshing native plugins compatible for Editor in 0.48 ms, found 2 plugins.
Preloading 0 native plugins for Editor in 0.00 ms.
Mono: successfully reloaded assembly
- Completed reload, in  0.944 seconds
Platform modules already initialized, skipping
Refreshing native plugins compatible for Editor in 0.48 ms, found 2 plugins.
Preloading 0 native plugins for Editor in 0.00 ms.
Unloading 1582 Unused Serialized files (Serialized files now loaded: 0)
System memory in use before: 115.0 MB.
System memory in use after: 114.1 MB.

Unloading 20 unused Assets to reduce memory usage. Loaded Objects now: 2167.
Total: 2.827800 ms (FindLiveObjects: 0.189800 ms CreateObjectMapping: 0.051600 ms MarkObjects: 1.917800 ms  DeleteObjects: 0.667300 ms)

AssetImportParameters requested are different than current active one (requested -> active):
  custom:framework-win-MediaFoundation: 216162199b28c13a410421893ffa2e32 -> 
  custom:video-decoder-ogg-theora: a1e56fd34408186e4bbccfd4996cb3dc -> 
  custom:container-muxer-webm: aa71ff27fc2769a1b78a27578f13a17b -> 
  custom:container-demuxer-webm: 4f35f7cbe854078d1ac9338744f61a02 -> 
  custom:container-demuxer-ogg: 62fdf1f143b41e24485cea50d1cbac27 -> 
  custom:video-encoder-webm-vp8: eb34c28f22e8b96e1ab97ce403110664 -> 
  custom:video-codec-MediaFoundation-h265: 746d11721c4dcdbdad8f713fa42b33f4 -> 
  custom:video-decoder-webm-vp8: 9c59270c3fd7afecdb556c50c9e8de78 -> 
  custom:audio-decoder-ogg-vorbis: bf7c407c2cedff20999df2af8eb42d56 -> 
  custom:audio-encoder-webm-vorbis: bf7c407c2cedff20999df2af8eb42d56 -> 
========================================================================
Received Prepare
Registering precompiled user dll's ...
Registered in 0.003217 seconds.
Begin MonoManager ReloadAssembly
Native extension for WindowsStandalone target not found
Refreshing native plugins compatible for Editor in 0.47 ms, found 2 plugins.
Preloading 0 native plugins for Editor in 0.00 ms.
Mono: successfully reloaded assembly
- Completed reload, in  0.911 seconds
Platform modules already initialized, skipping
Refreshing native plugins compatible for Editor in 0.50 ms, found 2 plugins.
Preloading 0 native plugins for Editor in 0.00 ms.
Unloading 1582 Unused Serialized files (Serialized files now loaded: 0)
System memory in use before: 115.0 MB.
System memory in use after: 114.1 MB.

Unloading 20 unused Assets to reduce memory usage. Loaded Objects now: 2170.
Total: 2.624300 ms (FindLiveObjects: 0.162500 ms CreateObjectMapping: 0.053300 ms MarkObjects: 1.747100 ms  DeleteObjects: 0.660400 ms)

AssetImportParameters requested are different than current active one (requested -> active):
  custom:framework-win-MediaFoundation: 216162199b28c13a410421893ffa2e32 -> 
  custom:video-decoder-ogg-theora: a1e56fd34408186e4bbccfd4996cb3dc -> 
  custom:container-muxer-webm: aa71ff27fc2769a1b78a27578f13a17b -> 
  custom:container-demuxer-webm: 4f35f7cbe854078d1ac9338744f61a02 -> 
  custom:container-demuxer-ogg: 62fdf1f143b41e24485cea50d1cbac27 -> 
  custom:video-encoder-webm-vp8: eb34c28f22e8b96e1ab97ce403110664 -> 
  custom:video-codec-MediaFoundation-h265: 746d11721c4dcdbdad8f713fa42b33f4 -> 
  custom:video-decoder-webm-vp8: 9c59270c3fd7afecdb556c50c9e8de78 -> 
  custom:audio-decoder-ogg-vorbis: bf7c407c2cedff20999df2af8eb42d56 -> 
  custom:audio-encoder-webm-vorbis: bf7c407c2cedff20999df2af8eb42d56 -> 
========================================================================
Received Import Request.
  Time since last request: 313.190836 seconds.
  path: ProjectSettings/TagManager.asset
  artifactKey: Guid(00000000000000003000000000000000) Importer(815301076,1909f56bfc062723c751e8b465ee728b)
Start importing ProjectSettings/TagManager.asset using Guid(00000000000000003000000000000000) Importer(815301076,1909f56bfc062723c751e8b465ee728b)  -> (artifact id: '6806ae5ceac50780340a3cf51982420a') in 0.049173 seconds 
  Import took 0.051927 seconds .

========================================================================
Received Import Request.
  Time since last request: 0.001174 seconds.
  path: ProjectSettings/TagManager.asset
  artifactKey: Guid(00000000000000003000000000000000) Importer(815301076,1909f56bfc062723c751e8b465ee728b)
Start importing ProjectSettings/TagManager.asset using Guid(00000000000000003000000000000000) Importer(815301076,1909f56bfc062723c751e8b465ee728b)  -> (artifact id: '6806ae5ceac50780340a3cf51982420a') in 0.002180 seconds 
  Import took 0.004738 seconds .

========================================================================
Received Prepare
Registering precompiled user dll's ...
Registered in 0.003469 seconds.
Begin MonoManager ReloadAssembly
Native extension for WindowsStandalone target not found
Refreshing native plugins compatible for Editor in 0.48 ms, found 2 plugins.
Preloading 0 native plugins for Editor in 0.00 ms.
Mono: successfully reloaded assembly
- Completed reload, in  0.956 seconds
Platform modules already initialized, skipping
Refreshing native plugins compatible for Editor in 0.55 ms, found 2 plugins.
Preloading 0 native plugins for Editor in 0.00 ms.
Unloading 1582 Unused Serialized files (Serialized files now loaded: 0)
System memory in use before: 115.1 MB.
System memory in use after: 114.1 MB.

Unloading 22 unused Assets to reduce memory usage. Loaded Objects now: 2173.
Total: 3.638500 ms (FindLiveObjects: 0.329200 ms CreateObjectMapping: 0.157300 ms MarkObjects: 2.279800 ms  DeleteObjects: 0.871300 ms)

AssetImportParameters requested are different than current active one (requested -> active):
  custom:framework-win-MediaFoundation: 216162199b28c13a410421893ffa2e32 -> 
  custom:video-decoder-ogg-theora: a1e56fd34408186e4bbccfd4996cb3dc -> 
  custom:container-muxer-webm: aa71ff27fc2769a1b78a27578f13a17b -> 
  custom:container-demuxer-webm: 4f35f7cbe854078d1ac9338744f61a02 -> 
  custom:container-demuxer-ogg: 62fdf1f143b41e24485cea50d1cbac27 -> 
  custom:video-encoder-webm-vp8: eb34c28f22e8b96e1ab97ce403110664 -> 
  custom:video-codec-MediaFoundation-h265: 746d11721c4dcdbdad8f713fa42b33f4 -> 
  custom:video-decoder-webm-vp8: 9c59270c3fd7afecdb556c50c9e8de78 -> 
  custom:audio-decoder-ogg-vorbis: bf7c407c2cedff20999df2af8eb42d56 -> 
  custom:audio-encoder-webm-vorbis: bf7c407c2cedff20999df2af8eb42d56 -> 
========================================================================
Received Prepare
Registering precompiled user dll's ...
Registered in 0.003699 seconds.
Begin MonoManager ReloadAssembly
Native extension for WindowsStandalone target not found
Refreshing native plugins compatible for Editor in 0.50 ms, found 2 plugins.
Preloading 0 native plugins for Editor in 0.00 ms.
Mono: successfully reloaded assembly
- Completed reload, in  0.981 seconds
Platform modules already initialized, skipping
Refreshing native plugins compatible for Editor in 0.49 ms, found 2 plugins.
Preloading 0 native plugins for Editor in 0.00 ms.
Unloading 1582 Unused Serialized files (Serialized files now loaded: 0)
System memory in use before: 115.0 MB.
System memory in use after: 114.1 MB.

Unloading 20 unused Assets to reduce memory usage. Loaded Objects now: 2176.
Total: 2.431700 ms (FindLiveObjects: 0.162600 ms CreateObjectMapping: 0.048800 ms MarkObjects: 1.550900 ms  DeleteObjects: 0.668100 ms)

AssetImportParameters requested are different than current active one (requested -> active):
  custom:framework-win-MediaFoundation: 216162199b28c13a410421893ffa2e32 -> 
  custom:video-decoder-ogg-theora: a1e56fd34408186e4bbccfd4996cb3dc -> 
  custom:container-muxer-webm: aa71ff27fc2769a1b78a27578f13a17b -> 
  custom:container-demuxer-webm: 4f35f7cbe854078d1ac9338744f61a02 -> 
  custom:container-demuxer-ogg: 62fdf1f143b41e24485cea50d1cbac27 -> 
  custom:video-encoder-webm-vp8: eb34c28f22e8b96e1ab97ce403110664 -> 
  custom:video-codec-MediaFoundation-h265: 746d11721c4dcdbdad8f713fa42b33f4 -> 
  custom:video-decoder-webm-vp8: 9c59270c3fd7afecdb556c50c9e8de78 -> 
  custom:audio-decoder-ogg-vorbis: bf7c407c2cedff20999df2af8eb42d56 -> 
  custom:audio-encoder-webm-vorbis: bf7c407c2cedff20999df2af8eb42d56 -> 
========================================================================
Received Prepare
Registering precompiled user dll's ...
Registered in 0.003178 seconds.
Begin MonoManager ReloadAssembly
Native extension for WindowsStandalone target not found
Refreshing native plugins compatible for Editor in 0.49 ms, found 2 plugins.
Preloading 0 native plugins for Editor in 0.00 ms.
Mono: successfully reloaded assembly
- Completed reload, in  0.873 seconds
Platform modules already initialized, skipping
Refreshing native plugins compatible for Editor in 0.48 ms, found 2 plugins.
Preloading 0 native plugins for Editor in 0.00 ms.
Unloading 1582 Unused Serialized files (Serialized files now loaded: 0)
System memory in use before: 115.1 MB.
System memory in use after: 114.1 MB.

Unloading 20 unused Assets to reduce memory usage. Loaded Objects now: 2179.
Total: 2.663900 ms (FindLiveObjects: 0.170200 ms CreateObjectMapping: 0.046600 ms MarkObjects: 1.791000 ms  DeleteObjects: 0.655100 ms)

AssetImportParameters requested are different than current active one (requested -> active):
  custom:framework-win-MediaFoundation: 216162199b28c13a410421893ffa2e32 -> 
  custom:video-decoder-ogg-theora: a1e56fd34408186e4bbccfd4996cb3dc -> 
  custom:container-muxer-webm: aa71ff27fc2769a1b78a27578f13a17b -> 
  custom:container-demuxer-webm: 4f35f7cbe854078d1ac9338744f61a02 -> 
  custom:container-demuxer-ogg: 62fdf1f143b41e24485cea50d1cbac27 -> 
  custom:video-encoder-webm-vp8: eb34c28f22e8b96e1ab97ce403110664 -> 
  custom:video-codec-MediaFoundation-h265: 746d11721c4dcdbdad8f713fa42b33f4 -> 
  custom:video-decoder-webm-vp8: 9c59270c3fd7afecdb556c50c9e8de78 -> 
  custom:audio-decoder-ogg-vorbis: bf7c407c2cedff20999df2af8eb42d56 -> 
  custom:audio-encoder-webm-vorbis: bf7c407c2cedff20999df2af8eb42d56 -> 
========================================================================
Received Prepare
Registering precompiled user dll's ...
Registered in 0.003332 seconds.
Begin MonoManager ReloadAssembly
Native extension for WindowsStandalone target not found
Refreshing native plugins compatible for Editor in 0.46 ms, found 2 plugins.
Preloading 0 native plugins for Editor in 0.00 ms.
Mono: successfully reloaded assembly
- Completed reload, in  0.909 seconds
Platform modules already initialized, skipping
Refreshing native plugins compatible for Editor in 0.48 ms, found 2 plugins.
Preloading 0 native plugins for Editor in 0.00 ms.
Unloading 1582 Unused Serialized files (Serialized files now loaded: 0)
System memory in use before: 115.1 MB.
System memory in use after: 114.1 MB.

Unloading 20 unused Assets to reduce memory usage. Loaded Objects now: 2182.
Total: 2.433000 ms (FindLiveObjects: 0.178100 ms CreateObjectMapping: 0.047900 ms MarkObjects: 1.536900 ms  DeleteObjects: 0.669100 ms)

AssetImportParameters requested are different than current active one (requested -> active):
  custom:framework-win-MediaFoundation: 216162199b28c13a410421893ffa2e32 -> 
  custom:video-decoder-ogg-theora: a1e56fd34408186e4bbccfd4996cb3dc -> 
  custom:container-muxer-webm: aa71ff27fc2769a1b78a27578f13a17b -> 
  custom:container-demuxer-webm: 4f35f7cbe854078d1ac9338744f61a02 -> 
  custom:container-demuxer-ogg: 62fdf1f143b41e24485cea50d1cbac27 -> 
  custom:video-encoder-webm-vp8: eb34c28f22e8b96e1ab97ce403110664 -> 
  custom:video-codec-MediaFoundation-h265: 746d11721c4dcdbdad8f713fa42b33f4 -> 
  custom:video-decoder-webm-vp8: 9c59270c3fd7afecdb556c50c9e8de78 -> 
  custom:audio-decoder-ogg-vorbis: bf7c407c2cedff20999df2af8eb42d56 -> 
  custom:audio-encoder-webm-vorbis: bf7c407c2cedff20999df2af8eb42d56 -> 
========================================================================
Received Import Request.
  Time since last request: 1102.390227 seconds.
  path: Assets/Animaciones/CA TextoFlotante.anim
  artifactKey: Guid(c6c2b9fb95913dc41a8845009e8d9063) Importer(815301076,1909f56bfc062723c751e8b465ee728b)
Start importing Assets/Animaciones/CA TextoFlotante.anim using Guid(c6c2b9fb95913dc41a8845009e8d9063) Importer(815301076,1909f56bfc062723c751e8b465ee728b)  -> (artifact id: '2a5a7ba5916ea5f153ed9926813d3c4d') in 0.055113 seconds 
  Import took 0.149964 seconds .

========================================================================
Received Import Request.
  Time since last request: 3.543434 seconds.
  path: Assets/Animaciones/CA TextoFlotante.anim
  artifactKey: Guid(c6c2b9fb95913dc41a8845009e8d9063) Importer(815301076,1909f56bfc062723c751e8b465ee728b)
Start importing Assets/Animaciones/CA TextoFlotante.anim using Guid(c6c2b9fb95913dc41a8845009e8d9063) Importer(815301076,1909f56bfc062723c751e8b465ee728b)  -> (artifact id: 'a69b5c3289bee03c597c92969b598b3e') in 0.002844 seconds 
  Import took 0.006261 seconds .

========================================================================
Received Import Request.
  Time since last request: 120.407873 seconds.
  path: Assets/Prefabs/TextoFlotante.prefab
  artifactKey: Guid(e52390dd353dda64abf94be2bcc0d0b7) Importer(815301076,1909f56bfc062723c751e8b465ee728b)
Start importing Assets/Prefabs/TextoFlotante.prefab using Guid(e52390dd353dda64abf94be2bcc0d0b7) Importer(815301076,1909f56bfc062723c751e8b465ee728b)  -> (artifact id: '58515aeab4dd1876121a7344c382a34f') in 0.017818 seconds 
  Import took 0.122712 seconds .

========================================================================
Received Import Request.
  Time since last request: 143.620784 seconds.
  path: Assets/Prefabs/TextoFlotante.prefab
  artifactKey: Guid(e52390dd353dda64abf94be2bcc0d0b7) Importer(815301076,1909f56bfc062723c751e8b465ee728b)
Start importing Assets/Prefabs/TextoFlotante.prefab using Guid(e52390dd353dda64abf94be2bcc0d0b7) Importer(815301076,1909f56bfc062723c751e8b465ee728b)  -> (artifact id: '49777bf59457be2d1f46780ba06023e3') in 0.005568 seconds 
  Import took 0.009494 seconds .

========================================================================
Received Prepare
Registering precompiled user dll's ...
Registered in 0.003457 seconds.
Begin MonoManager ReloadAssembly
Native extension for WindowsStandalone target not found
Refreshing native plugins compatible for Editor in 0.48 ms, found 2 plugins.
Preloading 0 native plugins for Editor in 0.00 ms.
Mono: successfully reloaded assembly
- Completed reload, in  0.908 seconds
Platform modules already initialized, skipping
Refreshing native plugins compatible for Editor in 0.49 ms, found 2 plugins.
Preloading 0 native plugins for Editor in 0.00 ms.
Unloading 1582 Unused Serialized files (Serialized files now loaded: 0)
System memory in use before: 115.2 MB.
System memory in use after: 114.2 MB.

Unloading 20 unused Assets to reduce memory usage. Loaded Objects now: 2185.
Total: 2.504200 ms (FindLiveObjects: 0.180600 ms CreateObjectMapping: 0.052900 ms MarkObjects: 1.591300 ms  DeleteObjects: 0.678000 ms)

AssetImportParameters requested are different than current active one (requested -> active):
  custom:framework-win-MediaFoundation: 216162199b28c13a410421893ffa2e32 -> 
  custom:video-decoder-ogg-theora: a1e56fd34408186e4bbccfd4996cb3dc -> 
  custom:container-muxer-webm: aa71ff27fc2769a1b78a27578f13a17b -> 
  custom:container-demuxer-webm: 4f35f7cbe854078d1ac9338744f61a02 -> 
  custom:container-demuxer-ogg: 62fdf1f143b41e24485cea50d1cbac27 -> 
  custom:video-encoder-webm-vp8: eb34c28f22e8b96e1ab97ce403110664 -> 
  custom:video-codec-MediaFoundation-h265: 746d11721c4dcdbdad8f713fa42b33f4 -> 
  custom:video-decoder-webm-vp8: 9c59270c3fd7afecdb556c50c9e8de78 -> 
  custom:audio-decoder-ogg-vorbis: bf7c407c2cedff20999df2af8eb42d56 -> 
  custom:audio-encoder-webm-vorbis: bf7c407c2cedff20999df2af8eb42d56 -> 
========================================================================
Received Prepare
Registering precompiled user dll's ...
Registered in 0.003819 seconds.
Begin MonoManager ReloadAssembly
Native extension for WindowsStandalone target not found
Refreshing native plugins compatible for Editor in 0.47 ms, found 2 plugins.
Preloading 0 native plugins for Editor in 0.00 ms.
Mono: successfully reloaded assembly
- Completed reload, in  0.927 seconds
Platform modules already initialized, skipping
Refreshing native plugins compatible for Editor in 0.48 ms, found 2 plugins.
Preloading 0 native plugins for Editor in 0.00 ms.
Unloading 1582 Unused Serialized files (Serialized files now loaded: 0)
System memory in use before: 115.2 MB.
System memory in use after: 114.2 MB.

Unloading 20 unused Assets to reduce memory usage. Loaded Objects now: 2188.
Total: 2.633800 ms (FindLiveObjects: 0.171300 ms CreateObjectMapping: 0.046400 ms MarkObjects: 1.766500 ms  DeleteObjects: 0.648700 ms)

AssetImportParameters requested are different than current active one (requested -> active):
  custom:framework-win-MediaFoundation: 216162199b28c13a410421893ffa2e32 -> 
  custom:video-decoder-ogg-theora: a1e56fd34408186e4bbccfd4996cb3dc -> 
  custom:container-muxer-webm: aa71ff27fc2769a1b78a27578f13a17b -> 
  custom:container-demuxer-webm: 4f35f7cbe854078d1ac9338744f61a02 -> 
  custom:container-demuxer-ogg: 62fdf1f143b41e24485cea50d1cbac27 -> 
  custom:video-encoder-webm-vp8: eb34c28f22e8b96e1ab97ce403110664 -> 
  custom:video-codec-MediaFoundation-h265: 746d11721c4dcdbdad8f713fa42b33f4 -> 
  custom:video-decoder-webm-vp8: 9c59270c3fd7afecdb556c50c9e8de78 -> 
  custom:audio-decoder-ogg-vorbis: bf7c407c2cedff20999df2af8eb42d56 -> 
  custom:audio-encoder-webm-vorbis: bf7c407c2cedff20999df2af8eb42d56 -> 
========================================================================
Received Import Request.
  Time since last request: 80.054884 seconds.
  path: Assets/Scripts/LogicaEnemigo.cs
  artifactKey: Guid(f28e8a4d593b28f44883c7b787dc8afb) Importer(815301076,1909f56bfc062723c751e8b465ee728b)
Start importing Assets/Scripts/LogicaEnemigo.cs using Guid(f28e8a4d593b28f44883c7b787dc8afb) Importer(815301076,1909f56bfc062723c751e8b465ee728b)  -> (artifact id: '568cfb26c4ba4cece77a31653d1e9698') in 0.007790 seconds 
  Import took 0.045728 seconds .

========================================================================
Received Prepare
Registering precompiled user dll's ...
Registered in 0.003186 seconds.
Begin MonoManager ReloadAssembly
Native extension for WindowsStandalone target not found
Refreshing native plugins compatible for Editor in 0.49 ms, found 2 plugins.
Preloading 0 native plugins for Editor in 0.00 ms.
Mono: successfully reloaded assembly
- Completed reload, in  0.963 seconds
Platform modules already initialized, skipping
Refreshing native plugins compatible for Editor in 0.48 ms, found 2 plugins.
Preloading 0 native plugins for Editor in 0.00 ms.
Unloading 1582 Unused Serialized files (Serialized files now loaded: 0)
System memory in use before: 115.2 MB.
System memory in use after: 114.3 MB.

Unloading 20 unused Assets to reduce memory usage. Loaded Objects now: 2191.
Total: 2.884200 ms (FindLiveObjects: 0.149200 ms CreateObjectMapping: 0.045400 ms MarkObjects: 1.948900 ms  DeleteObjects: 0.739800 ms)

AssetImportParameters requested are different than current active one (requested -> active):
  custom:framework-win-MediaFoundation: 216162199b28c13a410421893ffa2e32 -> 
  custom:video-decoder-ogg-theora: a1e56fd34408186e4bbccfd4996cb3dc -> 
  custom:container-muxer-webm: aa71ff27fc2769a1b78a27578f13a17b -> 
  custom:container-demuxer-webm: 4f35f7cbe854078d1ac9338744f61a02 -> 
  custom:container-demuxer-ogg: 62fdf1f143b41e24485cea50d1cbac27 -> 
  custom:video-encoder-webm-vp8: eb34c28f22e8b96e1ab97ce403110664 -> 
  custom:video-codec-MediaFoundation-h265: 746d11721c4dcdbdad8f713fa42b33f4 -> 
  custom:video-decoder-webm-vp8: 9c59270c3fd7afecdb556c50c9e8de78 -> 
  custom:audio-decoder-ogg-vorbis: bf7c407c2cedff20999df2af8eb42d56 -> 
  custom:audio-encoder-webm-vorbis: bf7c407c2cedff20999df2af8eb42d56 -> 
========================================================================
Received Prepare
Registering precompiled user dll's ...
Registered in 0.003685 seconds.
Begin MonoManager ReloadAssembly
Native extension for WindowsStandalone target not found
Refreshing native plugins compatible for Editor in 0.55 ms, found 2 plugins.
Preloading 0 native plugins for Editor in 0.00 ms.
Mono: successfully reloaded assembly
- Completed reload, in  1.068 seconds
Platform modules already initialized, skipping
Refreshing native plugins compatible for Editor in 0.64 ms, found 2 plugins.
Preloading 0 native plugins for Editor in 0.00 ms.
Unloading 1582 Unused Serialized files (Serialized files now loaded: 0)
System memory in use before: 115.2 MB.
System memory in use after: 114.3 MB.

Unloading 20 unused Assets to reduce memory usage. Loaded Objects now: 2194.
Total: 2.612400 ms (FindLiveObjects: 0.181800 ms CreateObjectMapping: 0.049600 ms MarkObjects: 1.706300 ms  DeleteObjects: 0.673200 ms)

AssetImportParameters requested are different than current active one (requested -> active):
  custom:framework-win-MediaFoundation: 216162199b28c13a410421893ffa2e32 -> 
  custom:video-decoder-ogg-theora: a1e56fd34408186e4bbccfd4996cb3dc -> 
  custom:container-muxer-webm: aa71ff27fc2769a1b78a27578f13a17b -> 
  custom:container-demuxer-webm: 4f35f7cbe854078d1ac9338744f61a02 -> 
  custom:container-demuxer-ogg: 62fdf1f143b41e24485cea50d1cbac27 -> 
  custom:video-encoder-webm-vp8: eb34c28f22e8b96e1ab97ce403110664 -> 
  custom:video-codec-MediaFoundation-h265: 746d11721c4dcdbdad8f713fa42b33f4 -> 
  custom:video-decoder-webm-vp8: 9c59270c3fd7afecdb556c50c9e8de78 -> 
  custom:audio-decoder-ogg-vorbis: bf7c407c2cedff20999df2af8eb42d56 -> 
  custom:audio-encoder-webm-vorbis: bf7c407c2cedff20999df2af8eb42d56 -> 
========================================================================
Received Prepare
Registering precompiled user dll's ...
Registered in 0.003265 seconds.
Begin MonoManager ReloadAssembly
Native extension for WindowsStandalone target not found
Refreshing native plugins compatible for Editor in 0.50 ms, found 2 plugins.
Preloading 0 native plugins for Editor in 0.00 ms.
Mono: successfully reloaded assembly
- Completed reload, in  0.933 seconds
Platform modules already initialized, skipping
Refreshing native plugins compatible for Editor in 0.47 ms, found 2 plugins.
Preloading 0 native plugins for Editor in 0.00 ms.
Unloading 1582 Unused Serialized files (Serialized files now loaded: 0)
System memory in use before: 115.2 MB.
System memory in use after: 114.3 MB.

Unloading 20 unused Assets to reduce memory usage. Loaded Objects now: 2197.
Total: 2.537200 ms (FindLiveObjects: 0.165500 ms CreateObjectMapping: 0.047700 ms MarkObjects: 1.678900 ms  DeleteObjects: 0.642400 ms)

AssetImportParameters requested are different than current active one (requested -> active):
  custom:framework-win-MediaFoundation: 216162199b28c13a410421893ffa2e32 -> 
  custom:video-decoder-ogg-theora: a1e56fd34408186e4bbccfd4996cb3dc -> 
  custom:container-muxer-webm: aa71ff27fc2769a1b78a27578f13a17b -> 
  custom:container-demuxer-webm: 4f35f7cbe854078d1ac9338744f61a02 -> 
  custom:container-demuxer-ogg: 62fdf1f143b41e24485cea50d1cbac27 -> 
  custom:video-encoder-webm-vp8: eb34c28f22e8b96e1ab97ce403110664 -> 
  custom:video-codec-MediaFoundation-h265: 746d11721c4dcdbdad8f713fa42b33f4 -> 
  custom:video-decoder-webm-vp8: 9c59270c3fd7afecdb556c50c9e8de78 -> 
  custom:audio-decoder-ogg-vorbis: bf7c407c2cedff20999df2af8eb42d56 -> 
  custom:audio-encoder-webm-vorbis: bf7c407c2cedff20999df2af8eb42d56 -> 
========================================================================
Received Import Request.
  Time since last request: 2949.456696 seconds.
  path: Assets/Prefabs/Player.prefab
  artifactKey: Guid(adcd41868af7bfa43a2276250f74c526) Importer(815301076,1909f56bfc062723c751e8b465ee728b)
Start importing Assets/Prefabs/Player.prefab using Guid(adcd41868af7bfa43a2276250f74c526) Importer(815301076,1909f56bfc062723c751e8b465ee728b)  -> (artifact id: '4430839a92782c320b714ae6f8f699df') in 0.317485 seconds 
  Import took 0.351722 seconds .

========================================================================
Received Import Request.
  Time since last request: 7.426019 seconds.
  path: Assets/Prefabs/Zombie1.prefab
  artifactKey: Guid(509872375c1463b4ebdbcd2d9854c6b1) Importer(815301076,1909f56bfc062723c751e8b465ee728b)
Start importing Assets/Prefabs/Zombie1.prefab using Guid(509872375c1463b4ebdbcd2d9854c6b1) Importer(815301076,1909f56bfc062723c751e8b465ee728b)  -> (artifact id: '6f8e9b48510c0bc408f313aeb8f71217') in 0.037476 seconds 
  Import took 0.051828 seconds .

========================================================================
Received Import Request.
  Time since last request: 48.048451 seconds.
  path: Assets/Scenes/Survival.unity
  artifactKey: Guid(f676a472c6f7e4b4985296e01692f041) Importer(815301076,1909f56bfc062723c751e8b465ee728b)
Start importing Assets/Scenes/Survival.unity using Guid(f676a472c6f7e4b4985296e01692f041) Importer(815301076,1909f56bfc062723c751e8b465ee728b)  -> (artifact id: '6127cc6335e23e800baab96d2d8916e4') in 0.012867 seconds 
  Import took 0.018060 seconds .

========================================================================
Received Prepare
Refreshing native plugins compatible for Editor in 3.02 ms, found 2 plugins.
Preloading 0 native plugins for Editor in 0.00 ms.
Unloading 16 Unused Serialized files (Serialized files now loaded: 0)
System memory in use before: 86.0 MB.
System memory in use after: 85.0 MB.

Unloading 19 unused Assets to reduce memory usage. Loaded Objects now: 2198.
Total: 14.199600 ms (FindLiveObjects: 0.230200 ms CreateObjectMapping: 0.068900 ms MarkObjects: 13.197700 ms  DeleteObjects: 0.701300 ms)

AssetImportParameters requested are different than current active one (requested -> active):
  colorSpace: 1 -> 0
  custom:framework-win-MediaFoundation: 216162199b28c13a410421893ffa2e32 -> 
  custom:video-decoder-ogg-theora: a1e56fd34408186e4bbccfd4996cb3dc -> 
  custom:container-muxer-webm: aa71ff27fc2769a1b78a27578f13a17b -> 
  custom:container-demuxer-webm: 4f35f7cbe854078d1ac9338744f61a02 -> 
  custom:container-demuxer-ogg: 62fdf1f143b41e24485cea50d1cbac27 -> 
  custom:video-encoder-webm-vp8: eb34c28f22e8b96e1ab97ce403110664 -> 
  custom:video-codec-MediaFoundation-h265: 746d11721c4dcdbdad8f713fa42b33f4 -> 
  custom:video-decoder-webm-vp8: 9c59270c3fd7afecdb556c50c9e8de78 -> 
  custom:audio-decoder-ogg-vorbis: bf7c407c2cedff20999df2af8eb42d56 -> 
  custom:audio-encoder-webm-vorbis: bf7c407c2cedff20999df2af8eb42d56 -> 
========================================================================
Received Prepare
Registering precompiled user dll's ...
Registered in 0.003295 seconds.
Begin MonoManager ReloadAssembly
Native extension for WindowsStandalone target not found
Refreshing native plugins compatible for Editor in 0.49 ms, found 2 plugins.
Preloading 0 native plugins for Editor in 0.00 ms.
Mono: successfully reloaded assembly
- Completed reload, in  1.083 seconds
Platform modules already initialized, skipping
Refreshing native plugins compatible for Editor in 0.99 ms, found 2 plugins.
Preloading 0 native plugins for Editor in 0.00 ms.
Unloading 1582 Unused Serialized files (Serialized files now loaded: 0)
System memory in use before: 114.0 MB.
System memory in use after: 113.0 MB.

Unloading 20 unused Assets to reduce memory usage. Loaded Objects now: 2201.
Total: 3.326800 ms (FindLiveObjects: 0.196700 ms CreateObjectMapping: 0.051300 ms MarkObjects: 2.233700 ms  DeleteObjects: 0.843400 ms)

AssetImportParameters requested are different than current active one (requested -> active):
  custom:framework-win-MediaFoundation: 216162199b28c13a410421893ffa2e32 -> 
  custom:video-decoder-ogg-theora: a1e56fd34408186e4bbccfd4996cb3dc -> 
  custom:container-muxer-webm: aa71ff27fc2769a1b78a27578f13a17b -> 
  custom:container-demuxer-webm: 4f35f7cbe854078d1ac9338744f61a02 -> 
  custom:container-demuxer-ogg: 62fdf1f143b41e24485cea50d1cbac27 -> 
  custom:video-encoder-webm-vp8: eb34c28f22e8b96e1ab97ce403110664 -> 
  custom:video-codec-MediaFoundation-h265: 746d11721c4dcdbdad8f713fa42b33f4 -> 
  custom:video-decoder-webm-vp8: 9c59270c3fd7afecdb556c50c9e8de78 -> 
  custom:audio-decoder-ogg-vorbis: bf7c407c2cedff20999df2af8eb42d56 -> 
  custom:audio-encoder-webm-vorbis: bf7c407c2cedff20999df2af8eb42d56 -> 
========================================================================
Received Prepare
Registering precompiled user dll's ...
Registered in 0.003241 seconds.
Begin MonoManager ReloadAssembly
Native extension for WindowsStandalone target not found
Refreshing native plugins compatible for Editor in 0.48 ms, found 2 plugins.
Preloading 0 native plugins for Editor in 0.00 ms.
Mono: successfully reloaded assembly
- Completed reload, in  0.953 seconds
Platform modules already initialized, skipping
Refreshing native plugins compatible for Editor in 0.56 ms, found 2 plugins.
Preloading 0 native plugins for Editor in 0.00 ms.
Unloading 1582 Unused Serialized files (Serialized files now loaded: 0)
System memory in use before: 114.0 MB.
System memory in use after: 113.1 MB.

Unloading 20 unused Assets to reduce memory usage. Loaded Objects now: 2204.
Total: 2.581400 ms (FindLiveObjects: 0.186000 ms CreateObjectMapping: 0.052200 ms MarkObjects: 1.690000 ms  DeleteObjects: 0.652300 ms)

AssetImportParameters requested are different than current active one (requested -> active):
  custom:framework-win-MediaFoundation: 216162199b28c13a410421893ffa2e32 -> 
  custom:video-decoder-ogg-theora: a1e56fd34408186e4bbccfd4996cb3dc -> 
  custom:container-muxer-webm: aa71ff27fc2769a1b78a27578f13a17b -> 
  custom:container-demuxer-webm: 4f35f7cbe854078d1ac9338744f61a02 -> 
  custom:container-demuxer-ogg: 62fdf1f143b41e24485cea50d1cbac27 -> 
  custom:video-encoder-webm-vp8: eb34c28f22e8b96e1ab97ce403110664 -> 
  custom:video-codec-MediaFoundation-h265: 746d11721c4dcdbdad8f713fa42b33f4 -> 
  custom:video-decoder-webm-vp8: 9c59270c3fd7afecdb556c50c9e8de78 -> 
  custom:audio-decoder-ogg-vorbis: bf7c407c2cedff20999df2af8eb42d56 -> 
  custom:audio-encoder-webm-vorbis: bf7c407c2cedff20999df2af8eb42d56 -> 
========================================================================
Received Import Request.
  Time since last request: 1224.163230 seconds.
  path: Assets/Scenes/Crear_Prefabs.unity
  artifactKey: Guid(5699951b23e88064a9b4925d8fee2963) Importer(815301076,1909f56bfc062723c751e8b465ee728b)
Start importing Assets/Scenes/Crear_Prefabs.unity using Guid(5699951b23e88064a9b4925d8fee2963) Importer(815301076,1909f56bfc062723c751e8b465ee728b)  -> (artifact id: '8fbc60a74a16dabcbefa588ed5f9f1f2') in 0.075444 seconds 
  Import took 0.079695 seconds .

========================================================================
Received Import Request.
  Time since last request: 3.180925 seconds.
  path: Assets/Scenes/Survival.unity
  artifactKey: Guid(f676a472c6f7e4b4985296e01692f041) Importer(815301076,1909f56bfc062723c751e8b465ee728b)
Start importing Assets/Scenes/Survival.unity using Guid(f676a472c6f7e4b4985296e01692f041) Importer(815301076,1909f56bfc062723c751e8b465ee728b)  -> (artifact id: '4cd29b9f3bdda5ca6190679db846b3db') in 0.012749 seconds 
  Import took 0.018409 seconds .

========================================================================
Received Prepare
Registering precompiled user dll's ...
Registered in 0.003320 seconds.
Begin MonoManager ReloadAssembly
Native extension for WindowsStandalone target not found
Refreshing native plugins compatible for Editor in 0.56 ms, found 2 plugins.
Preloading 0 native plugins for Editor in 0.00 ms.
Mono: successfully reloaded assembly
- Completed reload, in  0.999 seconds
Platform modules already initialized, skipping
Refreshing native plugins compatible for Editor in 0.61 ms, found 2 plugins.
Preloading 0 native plugins for Editor in 0.00 ms.
Unloading 1582 Unused Serialized files (Serialized files now loaded: 0)
System memory in use before: 114.1 MB.
System memory in use after: 113.2 MB.

Unloading 20 unused Assets to reduce memory usage. Loaded Objects now: 2207.
Total: 2.622300 ms (FindLiveObjects: 0.162300 ms CreateObjectMapping: 0.052600 ms MarkObjects: 1.727400 ms  DeleteObjects: 0.678600 ms)

AssetImportParameters requested are different than current active one (requested -> active):
  custom:framework-win-MediaFoundation: 216162199b28c13a410421893ffa2e32 -> 
  custom:video-decoder-ogg-theora: a1e56fd34408186e4bbccfd4996cb3dc -> 
  custom:container-muxer-webm: aa71ff27fc2769a1b78a27578f13a17b -> 
  custom:container-demuxer-webm: 4f35f7cbe854078d1ac9338744f61a02 -> 
  custom:container-demuxer-ogg: 62fdf1f143b41e24485cea50d1cbac27 -> 
  custom:video-encoder-webm-vp8: eb34c28f22e8b96e1ab97ce403110664 -> 
  custom:video-codec-MediaFoundation-h265: 746d11721c4dcdbdad8f713fa42b33f4 -> 
  custom:video-decoder-webm-vp8: 9c59270c3fd7afecdb556c50c9e8de78 -> 
  custom:audio-decoder-ogg-vorbis: bf7c407c2cedff20999df2af8eb42d56 -> 
  custom:audio-encoder-webm-vorbis: bf7c407c2cedff20999df2af8eb42d56 -> 
========================================================================
Received Prepare
Registering precompiled user dll's ...
Registered in 0.003302 seconds.
Begin MonoManager ReloadAssembly
Native extension for WindowsStandalone target not found
Refreshing native plugins compatible for Editor in 0.50 ms, found 2 plugins.
Preloading 0 native plugins for Editor in 0.00 ms.
Mono: successfully reloaded assembly
- Completed reload, in  0.951 seconds
Platform modules already initialized, skipping
Refreshing native plugins compatible for Editor in 0.91 ms, found 2 plugins.
Preloading 0 native plugins for Editor in 0.00 ms.
Unloading 1582 Unused Serialized files (Serialized files now loaded: 0)
System memory in use before: 114.1 MB.
System memory in use after: 113.2 MB.

Unloading 20 unused Assets to reduce memory usage. Loaded Objects now: 2210.
Total: 2.731700 ms (FindLiveObjects: 0.192200 ms CreateObjectMapping: 0.056800 ms MarkObjects: 1.793200 ms  DeleteObjects: 0.688500 ms)

AssetImportParameters requested are different than current active one (requested -> active):
  custom:framework-win-MediaFoundation: 216162199b28c13a410421893ffa2e32 -> 
  custom:video-decoder-ogg-theora: a1e56fd34408186e4bbccfd4996cb3dc -> 
  custom:container-muxer-webm: aa71ff27fc2769a1b78a27578f13a17b -> 
  custom:container-demuxer-webm: 4f35f7cbe854078d1ac9338744f61a02 -> 
  custom:container-demuxer-ogg: 62fdf1f143b41e24485cea50d1cbac27 -> 
  custom:video-encoder-webm-vp8: eb34c28f22e8b96e1ab97ce403110664 -> 
  custom:video-codec-MediaFoundation-h265: 746d11721c4dcdbdad8f713fa42b33f4 -> 
  custom:video-decoder-webm-vp8: 9c59270c3fd7afecdb556c50c9e8de78 -> 
  custom:audio-decoder-ogg-vorbis: bf7c407c2cedff20999df2af8eb42d56 -> 
  custom:audio-encoder-webm-vorbis: bf7c407c2cedff20999df2af8eb42d56 -> 
========================================================================
Received Prepare
Registering precompiled user dll's ...
Registered in 0.003303 seconds.
Begin MonoManager ReloadAssembly
Native extension for WindowsStandalone target not found
Refreshing native plugins compatible for Editor in 0.48 ms, found 2 plugins.
Preloading 0 native plugins for Editor in 0.00 ms.
Mono: successfully reloaded assembly
- Completed reload, in  1.100 seconds
Platform modules already initialized, skipping
Refreshing native plugins compatible for Editor in 0.47 ms, found 2 plugins.
Preloading 0 native plugins for Editor in 0.00 ms.
Unloading 1582 Unused Serialized files (Serialized files now loaded: 0)
System memory in use before: 114.1 MB.
System memory in use after: 113.2 MB.

Unloading 20 unused Assets to reduce memory usage. Loaded Objects now: 2213.
Total: 2.928800 ms (FindLiveObjects: 0.180000 ms CreateObjectMapping: 0.051700 ms MarkObjects: 2.026400 ms  DeleteObjects: 0.669500 ms)

AssetImportParameters requested are different than current active one (requested -> active):
  custom:framework-win-MediaFoundation: 216162199b28c13a410421893ffa2e32 -> 
  custom:video-decoder-ogg-theora: a1e56fd34408186e4bbccfd4996cb3dc -> 
  custom:container-muxer-webm: aa71ff27fc2769a1b78a27578f13a17b -> 
  custom:container-demuxer-webm: 4f35f7cbe854078d1ac9338744f61a02 -> 
  custom:container-demuxer-ogg: 62fdf1f143b41e24485cea50d1cbac27 -> 
  custom:video-encoder-webm-vp8: eb34c28f22e8b96e1ab97ce403110664 -> 
  custom:video-codec-MediaFoundation-h265: 746d11721c4dcdbdad8f713fa42b33f4 -> 
  custom:video-decoder-webm-vp8: 9c59270c3fd7afecdb556c50c9e8de78 -> 
  custom:audio-decoder-ogg-vorbis: bf7c407c2cedff20999df2af8eb42d56 -> 
  custom:audio-encoder-webm-vorbis: bf7c407c2cedff20999df2af8eb42d56 -> 
========================================================================
Received Import Request.
  Time since last request: 2990.471160 seconds.
  path: Assets/Flooded_Grounds/Scripts/DisableRenderer.cs
  artifactKey: Guid(78b5e677f5c60e548a68ce75b82380be) Importer(815301076,1909f56bfc062723c751e8b465ee728b)
Start importing Assets/Flooded_Grounds/Scripts/DisableRenderer.cs using Guid(78b5e677f5c60e548a68ce75b82380be) Importer(815301076,1909f56bfc062723c751e8b465ee728b)  -> (artifact id: '8954005899ab0dc973e6bb501996f3e4') in 0.015215 seconds 
  Import took 0.019271 seconds .

========================================================================
Received Import Request.
  Time since last request: 0.919852 seconds.
  path: Assets/Flooded_Grounds/Scripts/FPSDisplay.cs
  artifactKey: Guid(54ad3e86c03a17243aeb93461e5fd054) Importer(815301076,1909f56bfc062723c751e8b465ee728b)
Start importing Assets/Flooded_Grounds/Scripts/FPSDisplay.cs using Guid(54ad3e86c03a17243aeb93461e5fd054) Importer(815301076,1909f56bfc062723c751e8b465ee728b)  -> (artifact id: '00bbd1ddae1560f78dfc70d887a277ab') in 0.007787 seconds 
  Import took 0.010717 seconds .

========================================================================
Received Import Request.
  Time since last request: 0.425325 seconds.
  path: Assets/Flooded_Grounds/Scripts/WaterFloat.cs
  artifactKey: Guid(6fb4aef6f4dbcb84f90b37cc0a4b581d) Importer(815301076,1909f56bfc062723c751e8b465ee728b)
Start importing Assets/Flooded_Grounds/Scripts/WaterFloat.cs using Guid(6fb4aef6f4dbcb84f90b37cc0a4b581d) Importer(815301076,1909f56bfc062723c751e8b465ee728b)  -> (artifact id: '432be000d702180d383abd5ec5efc38a') in 0.007202 seconds 
  Import took 0.010620 seconds .

========================================================================
Received Import Request.
  Time since last request: 12.191529 seconds.
  path: Assets/Flooded_Grounds/Content/Materials/ATM_DustParticle.mat
  artifactKey: Guid(43af489cd38ff014e8e9a7a8cea78a7e) Importer(815301076,1909f56bfc062723c751e8b465ee728b)
Start importing Assets/Flooded_Grounds/Content/Materials/ATM_DustParticle.mat using Guid(43af489cd38ff014e8e9a7a8cea78a7e) Importer(815301076,1909f56bfc062723c751e8b465ee728b)  -> (artifact id: '0449701a633f72e3551fb90b54bedfb6') in 0.144704 seconds 
  Import took 0.156310 seconds .

========================================================================
Received Import Request.
  Time since last request: 0.233909 seconds.
  path: Assets/Flooded_Grounds/Content/Materials/ATM_Leaf1.mat
  artifactKey: Guid(e049ee4d8606de040a720fb72ae1d9f2) Importer(815301076,1909f56bfc062723c751e8b465ee728b)
Start importing Assets/Flooded_Grounds/Content/Materials/ATM_Leaf1.mat using Guid(e049ee4d8606de040a720fb72ae1d9f2) Importer(815301076,1909f56bfc062723c751e8b465ee728b)  -> (artifact id: '3bf95226b0f3d22a10bc98c4d048c26d') in 0.039234 seconds 
  Import took 0.042056 seconds .

========================================================================
Received Import Request.
  Time since last request: 2.884651 seconds.
  path: Assets/Flooded_Grounds/Prefabs/Helpers
  artifactKey: Guid(f895f34ade0839344bd5e489732abcc2) Importer(815301076,1909f56bfc062723c751e8b465ee728b)
Start importing Assets/Flooded_Grounds/Prefabs/Helpers using Guid(f895f34ade0839344bd5e489732abcc2) Importer(815301076,1909f56bfc062723c751e8b465ee728b)  -> (artifact id: '51fb008f2812670fdce0619eab1f2f3f') in 0.106455 seconds 
  Import took 0.109556 seconds .

========================================================================
Received Import Request.
  Time since last request: 0.434640 seconds.
  path: Assets/Flooded_Grounds/Prefabs/Nature
  artifactKey: Guid(0878710220c7c464898af89ad4d731b2) Importer(815301076,1909f56bfc062723c751e8b465ee728b)
Start importing Assets/Flooded_Grounds/Prefabs/Nature using Guid(0878710220c7c464898af89ad4d731b2) Importer(815301076,1909f56bfc062723c751e8b465ee728b)  -> (artifact id: '217686052c21cff89ad88d0662a12764') in 0.013062 seconds 
  Import took 0.017690 seconds .

========================================================================
Received Import Request.
  Time since last request: 1.109670 seconds.
  path: Assets/Flooded_Grounds/Prefabs/Props
  artifactKey: Guid(3a1660f44bc50024fbfee0e71e890ecf) Importer(815301076,1909f56bfc062723c751e8b465ee728b)
Start importing Assets/Flooded_Grounds/Prefabs/Props using Guid(3a1660f44bc50024fbfee0e71e890ecf) Importer(815301076,1909f56bfc062723c751e8b465ee728b)  -> (artifact id: '7604824a196a8948e42dd8ef7d09b042') in 0.007952 seconds 
  Import took 0.011620 seconds .

========================================================================
Received Import Request.
  Time since last request: 0.448206 seconds.
  path: Assets/Flooded_Grounds/Prefabs/Sounds
  artifactKey: Guid(1838b351770f5db4e864448dc7387a07) Importer(815301076,1909f56bfc062723c751e8b465ee728b)
Start importing Assets/Flooded_Grounds/Prefabs/Sounds using Guid(1838b351770f5db4e864448dc7387a07) Importer(815301076,1909f56bfc062723c751e8b465ee728b)  -> (artifact id: '56af00dc3db852e1b928f7c7d8b28239') in 0.015551 seconds 
  Import took 0.023126 seconds .

========================================================================
Received Prepare
Registering precompiled user dll's ...
Registered in 0.003111 seconds.
Begin MonoManager ReloadAssembly
Native extension for WindowsStandalone target not found
Refreshing native plugins compatible for Editor in 0.49 ms, found 2 plugins.
Preloading 0 native plugins for Editor in 0.00 ms.
Mono: successfully reloaded assembly
- Completed reload, in  0.937 seconds
Platform modules already initialized, skipping
Refreshing native plugins compatible for Editor in 0.51 ms, found 2 plugins.
Preloading 0 native plugins for Editor in 0.00 ms.
Unloading 1582 Unused Serialized files (Serialized files now loaded: 0)
System memory in use before: 114.1 MB.
System memory in use after: 113.2 MB.

Unloading 20 unused Assets to reduce memory usage. Loaded Objects now: 2217.
Total: 2.821100 ms (FindLiveObjects: 0.187800 ms CreateObjectMapping: 0.049000 ms MarkObjects: 1.928700 ms  DeleteObjects: 0.654500 ms)

AssetImportParameters requested are different than current active one (requested -> active):
  custom:framework-win-MediaFoundation: 216162199b28c13a410421893ffa2e32 -> 
  custom:video-decoder-ogg-theora: a1e56fd34408186e4bbccfd4996cb3dc -> 
  custom:container-muxer-webm: aa71ff27fc2769a1b78a27578f13a17b -> 
  custom:container-demuxer-webm: 4f35f7cbe854078d1ac9338744f61a02 -> 
  custom:container-demuxer-ogg: 62fdf1f143b41e24485cea50d1cbac27 -> 
  custom:video-encoder-webm-vp8: eb34c28f22e8b96e1ab97ce403110664 -> 
  custom:video-codec-MediaFoundation-h265: 746d11721c4dcdbdad8f713fa42b33f4 -> 
  custom:video-decoder-webm-vp8: 9c59270c3fd7afecdb556c50c9e8de78 -> 
  custom:audio-decoder-ogg-vorbis: bf7c407c2cedff20999df2af8eb42d56 -> 
  custom:audio-encoder-webm-vorbis: bf7c407c2cedff20999df2af8eb42d56 -> 
========================================================================
Received Prepare
Registering precompiled user dll's ...
Registered in 0.003159 seconds.
Begin MonoManager ReloadAssembly
Native extension for WindowsStandalone target not found
Refreshing native plugins compatible for Editor in 0.58 ms, found 2 plugins.
Preloading 0 native plugins for Editor in 0.00 ms.
Mono: successfully reloaded assembly
- Completed reload, in  0.958 seconds
Platform modules already initialized, skipping
Refreshing native plugins compatible for Editor in 0.50 ms, found 2 plugins.
Preloading 0 native plugins for Editor in 0.00 ms.
Unloading 1582 Unused Serialized files (Serialized files now loaded: 0)
System memory in use before: 114.1 MB.
System memory in use after: 113.2 MB.

Unloading 20 unused Assets to reduce memory usage. Loaded Objects now: 2220.
Total: 2.691300 ms (FindLiveObjects: 0.183200 ms CreateObjectMapping: 0.058400 ms MarkObjects: 1.781400 ms  DeleteObjects: 0.667400 ms)

AssetImportParameters requested are different than current active one (requested -> active):
  custom:framework-win-MediaFoundation: 216162199b28c13a410421893ffa2e32 -> 
  custom:video-decoder-ogg-theora: a1e56fd34408186e4bbccfd4996cb3dc -> 
  custom:container-muxer-webm: aa71ff27fc2769a1b78a27578f13a17b -> 
  custom:container-demuxer-webm: 4f35f7cbe854078d1ac9338744f61a02 -> 
  custom:container-demuxer-ogg: 62fdf1f143b41e24485cea50d1cbac27 -> 
  custom:video-encoder-webm-vp8: eb34c28f22e8b96e1ab97ce403110664 -> 
  custom:video-codec-MediaFoundation-h265: 746d11721c4dcdbdad8f713fa42b33f4 -> 
  custom:video-decoder-webm-vp8: 9c59270c3fd7afecdb556c50c9e8de78 -> 
  custom:audio-decoder-ogg-vorbis: bf7c407c2cedff20999df2af8eb42d56 -> 
  custom:audio-encoder-webm-vorbis: bf7c407c2cedff20999df2af8eb42d56 -> 
AssetImportWorkerClient::OnTransportError - code=2 error=End of file
